Arguments: 
  /Users/gua/.nvm/versions/node/v12.22.1/bin/node /usr/local/Cellar/yarn/1.22.10/libexec/bin/yarn.js

PATH: 
  /Users/gua/.rvm/gems/ruby-2.4.4/bin:/Users/gua/.rvm/gems/ruby-2.4.4@global/bin:/Users/gua/.rvm/rubies/ruby-2.4.4/bin:/usr/local/sbin:/Users/gua/.nvm/versions/node/v12.22.1/bin:/Applications/Visual Studio Code.app/Contents/Resources/app/bin:/Users/gua/flutter/bin:/usr/local/bin:/usr/bin:/bin:/usr/sbin:/sbin:/Library/Apple/usr/bin:/Users/gua/.cargo/bin:/Users/gua/.rvm/bin

Yarn version: 
  1.22.10

Node version: 
  12.22.1

Platform: 
  darwin x64

Trace: 
  SyntaxError: /Users/gua/Desktop/Cool/ModernFarm/package.json: Unexpected token / in JSON at position 782
      at JSON.parse (<anonymous>)
      at /usr/local/Cellar/yarn/1.22.10/libexec/lib/cli.js:1625:59
      at Generator.next (<anonymous>)
      at step (/usr/local/Cellar/yarn/1.22.10/libexec/lib/cli.js:310:30)
      at /usr/local/Cellar/yarn/1.22.10/libexec/lib/cli.js:321:13

npm manifest: 
  {
    "name": "modern-farm",
    "version": "0.0.0",
    "scripts": {
      "dev": "vite",
      "build": "tsc && vite build",
      "serve": "vite preview",
      "typechain": "typechain --target ethers-v5 --outDir ./src/Contracts './abi/*.json'"
    },
    "dependencies": {
      "@devexpress/dx-react-chart": "^2.7.5",
      "@devexpress/dx-react-chart-material-ui": "^2.7.5",
      "@devexpress/dx-react-core": "^2.7.5",
      "@devexpress/dx-react-grid": "^2.7.5",
      "@devexpress/dx-react-grid-material-ui": "^2.7.5",
      "@material-ui/core": "^4.11.4",
      "@material-ui/icons": "^4.11.2",
      "@material-ui/styles": "^4.11.4",
      "@types/jest": "^25.0.0",
      "@types/node": "^12.0.0",
      "@types/react": "^16.9.0",
      "@types/react-dom": "^16.9.0",
      "@types/react-router-dom": "^5.1.7",
      // "@web3-react/core": "^6.1.9",
      // "@web3-react/injected-connector": "^6.0.7",
      "react": "^17.0.0",
      "react-dom": "^17.0.0",
      "ethers": "5.0.2",
      "mobx": "^6.3.2",
      "mobx-react": "^7.2.0",
      "mobx-react-lite": "^3.2.0"
    },
    "devDependencies": {
      "@typechain/ethers-v5": "^6.0.5",
      "@vitejs/plugin-react-refresh": "^1.3.1",
      "mkdirp": "^1.0.4",
      "typechain": "^4.0.3",
      "typescript": "^4.1.2",
      "vite": "^2.3.5"
    }
  }

yarn manifest: 
  No manifest

Lockfile: 
  # THIS IS AN AUTOGENERATED FILE. DO NOT EDIT THIS FILE DIRECTLY.
  # yarn lockfile v1
  
  
  "@babel/code-frame@^7.12.13":
    version "7.12.13"
    resolved "https://registry.nlark.com/@babel/code-frame/download/@babel/code-frame-7.12.13.tgz#dcfc826beef65e75c50e21d3837d7d95798dd658"
    integrity sha1-3PyCa+72XnXFDiHTg319lXmN1lg=
    dependencies:
      "@babel/highlight" "^7.12.13"
  
  "@babel/compat-data@^7.14.4":
    version "7.14.4"
    resolved "https://registry.nlark.com/@babel/compat-data/download/@babel/compat-data-7.14.4.tgz#45720fe0cecf3fd42019e1d12cc3d27fadc98d58"
    integrity sha1-RXIP4M7PP9QgGeHRLMPSf63JjVg=
  
  "@babel/core@^7.12.13":
    version "7.14.3"
    resolved "https://registry.nlark.com/@babel/core/download/@babel/core-7.14.3.tgz#5395e30405f0776067fbd9cf0884f15bfb770a38"
    integrity sha1-U5XjBAXwd2Bn+9nPCITxW/t3Cjg=
    dependencies:
      "@babel/code-frame" "^7.12.13"
      "@babel/generator" "^7.14.3"
      "@babel/helper-compilation-targets" "^7.13.16"
      "@babel/helper-module-transforms" "^7.14.2"
      "@babel/helpers" "^7.14.0"
      "@babel/parser" "^7.14.3"
      "@babel/template" "^7.12.13"
      "@babel/traverse" "^7.14.2"
      "@babel/types" "^7.14.2"
      convert-source-map "^1.7.0"
      debug "^4.1.0"
      gensync "^1.0.0-beta.2"
      json5 "^2.1.2"
      semver "^6.3.0"
      source-map "^0.5.0"
  
  "@babel/generator@^7.14.2", "@babel/generator@^7.14.3":
    version "7.14.3"
    resolved "https://registry.nlark.com/@babel/generator/download/@babel/generator-7.14.3.tgz#0c2652d91f7bddab7cccc6ba8157e4f40dcedb91"
    integrity sha1-DCZS2R973at8zMa6gVfk9A3O25E=
    dependencies:
      "@babel/types" "^7.14.2"
      jsesc "^2.5.1"
      source-map "^0.5.0"
  
  "@babel/helper-compilation-targets@^7.13.16":
    version "7.14.4"
    resolved "https://registry.nlark.com/@babel/helper-compilation-targets/download/@babel/helper-compilation-targets-7.14.4.tgz#33ebd0ffc34248051ee2089350a929ab02f2a516"
    integrity sha1-M+vQ/8NCSAUe4giTUKkpqwLypRY=
    dependencies:
      "@babel/compat-data" "^7.14.4"
      "@babel/helper-validator-option" "^7.12.17"
      browserslist "^4.16.6"
      semver "^6.3.0"
  
  "@babel/helper-function-name@^7.14.2":
    version "7.14.2"
    resolved "https://registry.nlark.com/@babel/helper-function-name/download/@babel/helper-function-name-7.14.2.tgz?cache=0&other_urls=https%3A%2F%2Fregistry.nlark.com%2F%40babel%2Fhelper-function-name%2Fdownload%2F%40babel%2Fhelper-function-name-7.14.2.tgz#397688b590760b6ef7725b5f0860c82427ebaac2"
    integrity sha1-OXaItZB2C273cltfCGDIJCfrqsI=
    dependencies:
      "@babel/helper-get-function-arity" "^7.12.13"
      "@babel/template" "^7.12.13"
      "@babel/types" "^7.14.2"
  
  "@babel/helper-get-function-arity@^7.12.13":
    version "7.12.13"
    resolved "https://registry.nlark.com/@babel/helper-get-function-arity/download/@babel/helper-get-function-arity-7.12.13.tgz#bc63451d403a3b3082b97e1d8b3fe5bd4091e583"
    integrity sha1-vGNFHUA6OzCCuX4diz/lvUCR5YM=
    dependencies:
      "@babel/types" "^7.12.13"
  
  "@babel/helper-member-expression-to-functions@^7.13.12":
    version "7.13.12"
    resolved "https://registry.npm.taobao.org/@babel/helper-member-expression-to-functions/download/@babel/helper-member-expression-to-functions-7.13.12.tgz?cache=0&sync_timestamp=1616428156989&other_urls=https%3A%2F%2Fregistry.npm.taobao.org%2F%40babel%2Fhelper-member-expression-to-functions%2Fdownload%2F%40babel%2Fhelper-member-expression-to-functions-7.13.12.tgz#dfe368f26d426a07299d8d6513821768216e6d72"
    integrity sha1-3+No8m1CagcpnY1lE4IXaCFubXI=
    dependencies:
      "@babel/types" "^7.13.12"
  
  "@babel/helper-module-imports@^7.13.12":
    version "7.13.12"
    resolved "https://registry.nlark.com/@babel/helper-module-imports/download/@babel/helper-module-imports-7.13.12.tgz?cache=0&sync_timestamp=1618846990492&other_urls=https%3A%2F%2Fregistry.nlark.com%2F%40babel%2Fhelper-module-imports%2Fdownload%2F%40babel%2Fhelper-module-imports-7.13.12.tgz#c6a369a6f3621cb25da014078684da9196b61977"
    integrity sha1-xqNppvNiHLJdoBQHhoTakZa2GXc=
    dependencies:
      "@babel/types" "^7.13.12"
  
  "@babel/helper-module-transforms@^7.14.2":
    version "7.14.2"
    resolved "https://registry.nlark.com/@babel/helper-module-transforms/download/@babel/helper-module-transforms-7.14.2.tgz?cache=0&other_urls=https%3A%2F%2Fregistry.nlark.com%2F%40babel%2Fhelper-module-transforms%2Fdownload%2F%40babel%2Fhelper-module-transforms-7.14.2.tgz#ac1cc30ee47b945e3e0c4db12fa0c5389509dfe5"
    integrity sha1-rBzDDuR7lF4+DE2xL6DFOJUJ3+U=
    dependencies:
      "@babel/helper-module-imports" "^7.13.12"
      "@babel/helper-replace-supers" "^7.13.12"
      "@babel/helper-simple-access" "^7.13.12"
      "@babel/helper-split-export-declaration" "^7.12.13"
      "@babel/helper-validator-identifier" "^7.14.0"
      "@babel/template" "^7.12.13"
      "@babel/traverse" "^7.14.2"
      "@babel/types" "^7.14.2"
  
  "@babel/helper-optimise-call-expression@^7.12.13":
    version "7.12.13"
    resolved "https://registry.npm.taobao.org/@babel/helper-optimise-call-expression/download/@babel/helper-optimise-call-expression-7.12.13.tgz#5c02d171b4c8615b1e7163f888c1c81c30a2aaea"
    integrity sha1-XALRcbTIYVsecWP4iMHIHDCiquo=
    dependencies:
      "@babel/types" "^7.12.13"
  
  "@babel/helper-plugin-utils@^7.12.13", "@babel/helper-plugin-utils@^7.13.0":
    version "7.13.0"
    resolved "https://registry.npm.taobao.org/@babel/helper-plugin-utils/download/@babel/helper-plugin-utils-7.13.0.tgz#806526ce125aed03373bc416a828321e3a6a33af"
    integrity sha1-gGUmzhJa7QM3O8QWqCgyHjpqM68=
  
  "@babel/helper-replace-supers@^7.13.12":
    version "7.14.4"
    resolved "https://registry.nlark.com/@babel/helper-replace-supers/download/@babel/helper-replace-supers-7.14.4.tgz#b2ab16875deecfff3ddfcd539bc315f72998d836"
    integrity sha1-sqsWh13uz/89381Tm8MV9ymY2DY=
    dependencies:
      "@babel/helper-member-expression-to-functions" "^7.13.12"
      "@babel/helper-optimise-call-expression" "^7.12.13"
      "@babel/traverse" "^7.14.2"
      "@babel/types" "^7.14.4"
  
  "@babel/helper-simple-access@^7.13.12":
    version "7.13.12"
    resolved "https://registry.nlark.com/@babel/helper-simple-access/download/@babel/helper-simple-access-7.13.12.tgz#dd6c538afb61819d205a012c31792a39c7a5eaf6"
    integrity sha1-3WxTivthgZ0gWgEsMXkqOcel6vY=
    dependencies:
      "@babel/types" "^7.13.12"
  
  "@babel/helper-split-export-declaration@^7.12.13":
    version "7.12.13"
    resolved "https://registry.npm.taobao.org/@babel/helper-split-export-declaration/download/@babel/helper-split-export-declaration-7.12.13.tgz?cache=0&sync_timestamp=1612314636310&other_urls=https%3A%2F%2Fregistry.npm.taobao.org%2F%40babel%2Fhelper-split-export-declaration%2Fdownload%2F%40babel%2Fhelper-split-export-declaration-7.12.13.tgz#e9430be00baf3e88b0e13e6f9d4eaf2136372b05"
    integrity sha1-6UML4AuvPoiw4T5vnU6vITY3KwU=
    dependencies:
      "@babel/types" "^7.12.13"
  
  "@babel/helper-validator-identifier@^7.14.0":
    version "7.14.0"
    resolved "https://registry.nlark.com/@babel/helper-validator-identifier/download/@babel/helper-validator-identifier-7.14.0.tgz?cache=0&sync_timestamp=1619727556616&other_urls=https%3A%2F%2Fregistry.nlark.com%2F%40babel%2Fhelper-validator-identifier%2Fdownload%2F%40babel%2Fhelper-validator-identifier-7.14.0.tgz#d26cad8a47c65286b15df1547319a5d0bcf27288"
    integrity sha1-0mytikfGUoaxXfFUcxml0Lzycog=
  
  "@babel/helper-validator-option@^7.12.17":
    version "7.12.17"
    resolved "https://registry.nlark.com/@babel/helper-validator-option/download/@babel/helper-validator-option-7.12.17.tgz#d1fbf012e1a79b7eebbfdc6d270baaf8d9eb9831"
    integrity sha1-0fvwEuGnm37rv9xtJwuq+NnrmDE=
  
  "@babel/helpers@^7.14.0":
    version "7.14.0"
    resolved "https://registry.nlark.com/@babel/helpers/download/@babel/helpers-7.14.0.tgz?cache=0&sync_timestamp=1619727503327&other_urls=https%3A%2F%2Fregistry.nlark.com%2F%40babel%2Fhelpers%2Fdownload%2F%40babel%2Fhelpers-7.14.0.tgz#ea9b6be9478a13d6f961dbb5f36bf75e2f3b8f62"
    integrity sha1-6ptr6UeKE9b5Ydu182v3Xi87j2I=
    dependencies:
      "@babel/template" "^7.12.13"
      "@babel/traverse" "^7.14.0"
      "@babel/types" "^7.14.0"
  
  "@babel/highlight@^7.12.13":
    version "7.14.0"
    resolved "https://registry.nlark.com/@babel/highlight/download/@babel/highlight-7.14.0.tgz?cache=0&other_urls=https%3A%2F%2Fregistry.nlark.com%2F%40babel%2Fhighlight%2Fdownload%2F%40babel%2Fhighlight-7.14.0.tgz#3197e375711ef6bf834e67d0daec88e4f46113cf"
    integrity sha1-MZfjdXEe9r+DTmfQ2uyI5PRhE88=
    dependencies:
      "@babel/helper-validator-identifier" "^7.14.0"
      chalk "^2.0.0"
      js-tokens "^4.0.0"
  
  "@babel/parser@^7.12.13", "@babel/parser@^7.14.2", "@babel/parser@^7.14.3":
    version "7.14.4"
    resolved "https://registry.nlark.com/@babel/parser/download/@babel/parser-7.14.4.tgz?cache=0&sync_timestamp=1622221315015&other_urls=https%3A%2F%2Fregistry.nlark.com%2F%40babel%2Fparser%2Fdownload%2F%40babel%2Fparser-7.14.4.tgz#a5c560d6db6cd8e6ed342368dea8039232cbab18"
    integrity sha1-pcVg1tts2ObtNCNo3qgDkjLLqxg=
  
  "@babel/plugin-transform-react-jsx-self@^7.12.13":
    version "7.12.13"
    resolved "https://registry.npm.taobao.org/@babel/plugin-transform-react-jsx-self/download/@babel/plugin-transform-react-jsx-self-7.12.13.tgz?cache=0&sync_timestamp=1612314828431&other_urls=https%3A%2F%2Fregistry.npm.taobao.org%2F%40babel%2Fplugin-transform-react-jsx-self%2Fdownload%2F%40babel%2Fplugin-transform-react-jsx-self-7.12.13.tgz#422d99d122d592acab9c35ea22a6cfd9bf189f60"
    integrity sha1-Qi2Z0SLVkqyrnDXqIqbP2b8Yn2A=
    dependencies:
      "@babel/helper-plugin-utils" "^7.12.13"
  
  "@babel/plugin-transform-react-jsx-source@^7.12.13":
    version "7.14.2"
    resolved "https://registry.nlark.com/@babel/plugin-transform-react-jsx-source/download/@babel/plugin-transform-react-jsx-source-7.14.2.tgz#2620b57e7de775c0687f65d464026d15812941da"
    integrity sha1-JiC1fn3ndcBof2XUZAJtFYEpQdo=
    dependencies:
      "@babel/helper-plugin-utils" "^7.13.0"
  
  "@babel/runtime@^7.3.1", "@babel/runtime@^7.4.4", "@babel/runtime@^7.5.5", "@babel/runtime@^7.8.3", "@babel/runtime@^7.8.7":
    version "7.14.0"
    resolved "https://registry.nlark.com/@babel/runtime/download/@babel/runtime-7.14.0.tgz?cache=0&sync_timestamp=1619727501090&other_urls=https%3A%2F%2Fregistry.nlark.com%2F%40babel%2Fruntime%2Fdownload%2F%40babel%2Fruntime-7.14.0.tgz#46794bc20b612c5f75e62dd071e24dfd95f1cbe6"
    integrity sha1-RnlLwgthLF915i3QceJN/ZXxy+Y=
    dependencies:
      regenerator-runtime "^0.13.4"
  
  "@babel/template@^7.12.13":
    version "7.12.13"
    resolved "https://registry.nlark.com/@babel/template/download/@babel/template-7.12.13.tgz#530265be8a2589dbb37523844c5bcb55947fb327"
    integrity sha1-UwJlvooliduzdSOETFvLVZR/syc=
    dependencies:
      "@babel/code-frame" "^7.12.13"
      "@babel/parser" "^7.12.13"
      "@babel/types" "^7.12.13"
  
  "@babel/traverse@^7.14.0", "@babel/traverse@^7.14.2":
    version "7.14.2"
    resolved "https://registry.nlark.com/@babel/traverse/download/@babel/traverse-7.14.2.tgz?cache=0&other_urls=https%3A%2F%2Fregistry.nlark.com%2F%40babel%2Ftraverse%2Fdownload%2F%40babel%2Ftraverse-7.14.2.tgz#9201a8d912723a831c2679c7ebbf2fe1416d765b"
    integrity sha1-kgGo2RJyOoMcJnnH678v4UFtdls=
    dependencies:
      "@babel/code-frame" "^7.12.13"
      "@babel/generator" "^7.14.2"
      "@babel/helper-function-name" "^7.14.2"
      "@babel/helper-split-export-declaration" "^7.12.13"
      "@babel/parser" "^7.14.2"
      "@babel/types" "^7.14.2"
      debug "^4.1.0"
      globals "^11.1.0"
  
  "@babel/types@^7.12.13", "@babel/types@^7.13.12", "@babel/types@^7.14.0", "@babel/types@^7.14.2", "@babel/types@^7.14.4":
    version "7.14.4"
    resolved "https://registry.nlark.com/@babel/types/download/@babel/types-7.14.4.tgz?cache=0&sync_timestamp=1622221311390&other_urls=https%3A%2F%2Fregistry.nlark.com%2F%40babel%2Ftypes%2Fdownload%2F%40babel%2Ftypes-7.14.4.tgz#bfd6980108168593b38b3eb48a24aa026b919bc0"
    integrity sha1-v9aYAQgWhZOziz60iiSqAmuRm8A=
    dependencies:
      "@babel/helper-validator-identifier" "^7.14.0"
      to-fast-properties "^2.0.0"
  
  "@devexpress/dx-chart-core@2.7.5":
    version "2.7.5"
    resolved "https://registry.nlark.com/@devexpress/dx-chart-core/download/@devexpress/dx-chart-core-2.7.5.tgz#99a99fc085450874f2c888b34c4db93d238a39e5"
    integrity sha1-mamfwIVFCHTyyIizTE25PSOKOeU=
    dependencies:
      d3-array "^2.4.0"
      d3-scale "^3.2.0"
      d3-shape "^1.3.7"
  
  "@devexpress/dx-core@2.7.5":
    version "2.7.5"
    resolved "https://registry.npm.taobao.org/@devexpress/dx-core/download/@devexpress/dx-core-2.7.5.tgz#f1460c072f05765fdc97b836541240a10250738f"
    integrity sha1-8UYMBy8Fdl/cl7g2VBJAoQJQc48=
  
  "@devexpress/dx-grid-core@2.7.5":
    version "2.7.5"
    resolved "https://registry.npm.taobao.org/@devexpress/dx-grid-core/download/@devexpress/dx-grid-core-2.7.5.tgz#ccac7f3f9fc160501c9f6846d0aa667194e55c69"
    integrity sha1-zKx/P5/BYFAcn2hG0KpmcZTlXGk=
  
  "@devexpress/dx-react-chart-material-ui@^2.7.5":
    version "2.7.5"
    resolved "https://registry.nlark.com/@devexpress/dx-react-chart-material-ui/download/@devexpress/dx-react-chart-material-ui-2.7.5.tgz#3566956338330a0b284ff85afc320736523d1db8"
    integrity sha1-NWaVYzgzCgsoT/ha/DIHNlI9Hbg=
    dependencies:
      clsx "^1.0.4"
      prop-types "^15.7.2"
  
  "@devexpress/dx-react-chart@^2.7.5":
    version "2.7.5"
    resolved "https://registry.nlark.com/@devexpress/dx-react-chart/download/@devexpress/dx-react-chart-2.7.5.tgz#0e9b999cb195e9b9b6734d9d0c3a5b5f8633b018"
    integrity sha1-DpuZnLGV6bm2c02dDDpbX4YzsBg=
    dependencies:
      "@devexpress/dx-chart-core" "2.7.5"
      d3-scale "^3.2.0"
      d3-shape "^1.3.7"
  
  "@devexpress/dx-react-core@^2.7.5":
    version "2.7.5"
    resolved "https://registry.npm.taobao.org/@devexpress/dx-react-core/download/@devexpress/dx-react-core-2.7.5.tgz#978f1ead810819e9f3464e9f9d25ccbb87eaad96"
    integrity sha1-l48erYEIGenzRk6fnSXMu4fqrZY=
    dependencies:
      "@devexpress/dx-core" "2.7.5"
      prop-types "^15.7.2"
  
  "@devexpress/dx-react-grid-material-ui@^2.7.5":
    version "2.7.5"
    resolved "https://registry.nlark.com/@devexpress/dx-react-grid-material-ui/download/@devexpress/dx-react-grid-material-ui-2.7.5.tgz#428f2fd6d91237f2d0e4e6efa4728870e7e6e557"
    integrity sha1-Qo8v1tkSN/LQ5ObvpHKIcOfm5Vc=
    dependencies:
      clsx "^1.0.4"
      prop-types "^15.7.2"
  
  "@devexpress/dx-react-grid@^2.7.5":
    version "2.7.5"
    resolved "https://registry.npm.taobao.org/@devexpress/dx-react-grid/download/@devexpress/dx-react-grid-2.7.5.tgz#855a374809dd1e8bbd37071f8330b814efddbfa9"
    integrity sha1-hVo3SAndHou9NwcfgzC4FO/dv6k=
    dependencies:
      "@devexpress/dx-grid-core" "2.7.5"
  
  "@emotion/hash@^0.8.0":
    version "0.8.0"
    resolved "https://registry.npm.taobao.org/@emotion/hash/download/@emotion/hash-0.8.0.tgz#bbbff68978fefdbe68ccb533bc8cbe1d1afb5413"
    integrity sha1-u7/2iXj+/b5ozLUzvIy+HRr7VBM=
  
  "@ethersproject/abi@^5.0.0", "@ethersproject/abi@^5.3.0":
    version "5.3.0"
    resolved "https://registry.nlark.com/@ethersproject/abi/download/@ethersproject/abi-5.3.0.tgz#00f0647d906edcd32c50b16ab9c98f83e208dcf1"
    integrity sha1-APBkfZBu3NMsULFqucmPg+II3PE=
    dependencies:
      "@ethersproject/address" "^5.3.0"
      "@ethersproject/bignumber" "^5.3.0"
      "@ethersproject/bytes" "^5.3.0"
      "@ethersproject/constants" "^5.3.0"
      "@ethersproject/hash" "^5.3.0"
      "@ethersproject/keccak256" "^5.3.0"
      "@ethersproject/logger" "^5.3.0"
      "@ethersproject/properties" "^5.3.0"
      "@ethersproject/strings" "^5.3.0"
  
  "@ethersproject/abstract-provider@^5.0.0", "@ethersproject/abstract-provider@^5.3.0":
    version "5.3.0"
    resolved "https://registry.nlark.com/@ethersproject/abstract-provider/download/@ethersproject/abstract-provider-5.3.0.tgz#f4c0ae4a4cef9f204d7781de805fd44b72756c81"
    integrity sha1-9MCuSkzvnyBNd4HegF/US3J1bIE=
    dependencies:
      "@ethersproject/bignumber" "^5.3.0"
      "@ethersproject/bytes" "^5.3.0"
      "@ethersproject/logger" "^5.3.0"
      "@ethersproject/networks" "^5.3.0"
      "@ethersproject/properties" "^5.3.0"
      "@ethersproject/transactions" "^5.3.0"
      "@ethersproject/web" "^5.3.0"
  
  "@ethersproject/abstract-signer@^5.0.0", "@ethersproject/abstract-signer@^5.3.0":
    version "5.3.0"
    resolved "https://registry.nlark.com/@ethersproject/abstract-signer/download/@ethersproject/abstract-signer-5.3.0.tgz#05172b653e15b535ed5854ef5f6a72f4b441052d"
    integrity sha1-BRcrZT4VtTXtWFTvX2py9LRBBS0=
    dependencies:
      "@ethersproject/abstract-provider" "^5.3.0"
      "@ethersproject/bignumber" "^5.3.0"
      "@ethersproject/bytes" "^5.3.0"
      "@ethersproject/logger" "^5.3.0"
      "@ethersproject/properties" "^5.3.0"
  
  "@ethersproject/address@^5.0.0", "@ethersproject/address@^5.3.0":
    version "5.3.0"
    resolved "https://registry.nlark.com/@ethersproject/address/download/@ethersproject/address-5.3.0.tgz#e53b69eacebf332e8175de814c5e6507d6932518"
    integrity sha1-5Ttp6s6/My6Bdd6BTF5lB9aTJRg=
    dependencies:
      "@ethersproject/bignumber" "^5.3.0"
      "@ethersproject/bytes" "^5.3.0"
      "@ethersproject/keccak256" "^5.3.0"
      "@ethersproject/logger" "^5.3.0"
      "@ethersproject/rlp" "^5.3.0"
  
  "@ethersproject/base64@^5.0.0", "@ethersproject/base64@^5.3.0":
    version "5.3.0"
    resolved "https://registry.nlark.com/@ethersproject/base64/download/@ethersproject/base64-5.3.0.tgz#b831fb35418b42ad24d943c557259062b8640824"
    integrity sha1-uDH7NUGLQq0k2UPFVyWQYrhkCCQ=
    dependencies:
      "@ethersproject/bytes" "^5.3.0"
  
  "@ethersproject/basex@^5.3.0":
    version "5.3.0"
    resolved "https://registry.nlark.com/@ethersproject/basex/download/@ethersproject/basex-5.3.0.tgz#02dea3ab8559ae625c6d548bc11773432255c916"
    integrity sha1-At6jq4VZrmJcbVSLwRdzQyJVyRY=
    dependencies:
      "@ethersproject/bytes" "^5.3.0"
      "@ethersproject/properties" "^5.3.0"
  
  "@ethersproject/bignumber@^5.0.0", "@ethersproject/bignumber@^5.3.0":
    version "5.3.0"
    resolved "https://registry.nlark.com/@ethersproject/bignumber/download/@ethersproject/bignumber-5.3.0.tgz#74ab2ec9c3bda4e344920565720a6ee9c794e9db"
    integrity sha1-dKsuycO9pONEkgVlcgpu6ceU6ds=
    dependencies:
      "@ethersproject/bytes" "^5.3.0"
      "@ethersproject/logger" "^5.3.0"
      bn.js "^4.11.9"
  
  "@ethersproject/bytes@^5.0.0", "@ethersproject/bytes@^5.3.0":
    version "5.3.0"
    resolved "https://registry.nlark.com/@ethersproject/bytes/download/@ethersproject/bytes-5.3.0.tgz#473e0da7f831d535b2002be05e6f4ca3729a1bc9"
    integrity sha1-Rz4Np/gx1TWyACvgXm9Mo3KaG8k=
    dependencies:
      "@ethersproject/logger" "^5.3.0"
  
  "@ethersproject/constants@^5.0.0", "@ethersproject/constants@^5.3.0":
    version "5.3.0"
    resolved "https://registry.nlark.com/@ethersproject/constants/download/@ethersproject/constants-5.3.0.tgz#a5d6d86c0eec2c64c3024479609493b9afb3fc77"
    integrity sha1-pdbYbA7sLGTDAkR5YJSTua+z/Hc=
    dependencies:
      "@ethersproject/bignumber" "^5.3.0"
  
  "@ethersproject/contracts@^5.0.0":
    version "5.3.0"
    resolved "https://registry.nlark.com/@ethersproject/contracts/download/@ethersproject/contracts-5.3.0.tgz#ad699a3abaae30bfb6422cf31813a663b2d4099c"
    integrity sha1-rWmaOrquML+2QizzGBOmY7LUCZw=
    dependencies:
      "@ethersproject/abi" "^5.3.0"
      "@ethersproject/abstract-provider" "^5.3.0"
      "@ethersproject/abstract-signer" "^5.3.0"
      "@ethersproject/address" "^5.3.0"
      "@ethersproject/bignumber" "^5.3.0"
      "@ethersproject/bytes" "^5.3.0"
      "@ethersproject/constants" "^5.3.0"
      "@ethersproject/logger" "^5.3.0"
      "@ethersproject/properties" "^5.3.0"
      "@ethersproject/transactions" "^5.3.0"
  
  "@ethersproject/hash@^5.0.0", "@ethersproject/hash@^5.3.0":
    version "5.3.0"
    resolved "https://registry.nlark.com/@ethersproject/hash/download/@ethersproject/hash-5.3.0.tgz#f65e3bf3db3282df4da676db6cfa049535dd3643"
    integrity sha1-9l4789sygt9NpnbbbPoElTXdNkM=
    dependencies:
      "@ethersproject/abstract-signer" "^5.3.0"
      "@ethersproject/address" "^5.3.0"
      "@ethersproject/bignumber" "^5.3.0"
      "@ethersproject/bytes" "^5.3.0"
      "@ethersproject/keccak256" "^5.3.0"
      "@ethersproject/logger" "^5.3.0"
      "@ethersproject/properties" "^5.3.0"
      "@ethersproject/strings" "^5.3.0"
  
  "@ethersproject/hdnode@^5.0.0", "@ethersproject/hdnode@^5.3.0":
    version "5.3.0"
    resolved "https://registry.nlark.com/@ethersproject/hdnode/download/@ethersproject/hdnode-5.3.0.tgz#26fed65ffd5c25463fddff13f5fb4e5617553c94"
    integrity sha1-Jv7WX/1cJUY/3f8T9ftOVhdVPJQ=
    dependencies:
      "@ethersproject/abstract-signer" "^5.3.0"
      "@ethersproject/basex" "^5.3.0"
      "@ethersproject/bignumber" "^5.3.0"
      "@ethersproject/bytes" "^5.3.0"
      "@ethersproject/logger" "^5.3.0"
      "@ethersproject/pbkdf2" "^5.3.0"
      "@ethersproject/properties" "^5.3.0"
      "@ethersproject/sha2" "^5.3.0"
      "@ethersproject/signing-key" "^5.3.0"
      "@ethersproject/strings" "^5.3.0"
      "@ethersproject/transactions" "^5.3.0"
      "@ethersproject/wordlists" "^5.3.0"
  
  "@ethersproject/json-wallets@^5.0.0", "@ethersproject/json-wallets@^5.3.0":
    version "5.3.0"
    resolved "https://registry.nlark.com/@ethersproject/json-wallets/download/@ethersproject/json-wallets-5.3.0.tgz#7b1a5ff500c12aa8597ae82c8939837b0449376e"
    integrity sha1-expf9QDBKqhZeugsiTmDewRJN24=
    dependencies:
      "@ethersproject/abstract-signer" "^5.3.0"
      "@ethersproject/address" "^5.3.0"
      "@ethersproject/bytes" "^5.3.0"
      "@ethersproject/hdnode" "^5.3.0"
      "@ethersproject/keccak256" "^5.3.0"
      "@ethersproject/logger" "^5.3.0"
      "@ethersproject/pbkdf2" "^5.3.0"
      "@ethersproject/properties" "^5.3.0"
      "@ethersproject/random" "^5.3.0"
      "@ethersproject/strings" "^5.3.0"
      "@ethersproject/transactions" "^5.3.0"
      aes-js "3.0.0"
      scrypt-js "3.0.1"
  
  "@ethersproject/keccak256@^5.0.0", "@ethersproject/keccak256@^5.0.0-beta.130", "@ethersproject/keccak256@^5.3.0":
    version "5.3.0"
    resolved "https://registry.nlark.com/@ethersproject/keccak256/download/@ethersproject/keccak256-5.3.0.tgz#fb5cd36bdfd6fa02e2ea84964078a9fc6bd731be"
    integrity sha1-+1zTa9/W+gLi6oSWQHip/GvXMb4=
    dependencies:
      "@ethersproject/bytes" "^5.3.0"
      js-sha3 "0.5.7"
  
  "@ethersproject/logger@^5.0.0", "@ethersproject/logger@^5.3.0":
    version "5.3.0"
    resolved "https://registry.nlark.com/@ethersproject/logger/download/@ethersproject/logger-5.3.0.tgz#7a69fa1d4ca0d4b7138da1627eb152f763d84dd0"
    integrity sha1-emn6HUyg1LcTjaFifrFS92PYTdA=
  
  "@ethersproject/networks@^5.0.0", "@ethersproject/networks@^5.3.0":
    version "5.3.0"
    resolved "https://registry.nlark.com/@ethersproject/networks/download/@ethersproject/networks-5.3.0.tgz#d8ad06eb107c69fb8651f4c81ddd0e88944fdfea"
    integrity sha1-2K0G6xB8afuGUfTIHd0OiJRP3+o=
    dependencies:
      "@ethersproject/logger" "^5.3.0"
  
  "@ethersproject/pbkdf2@^5.0.0", "@ethersproject/pbkdf2@^5.3.0":
    version "5.3.0"
    resolved "https://registry.nlark.com/@ethersproject/pbkdf2/download/@ethersproject/pbkdf2-5.3.0.tgz#8adbb41489c3c9f319cc44bc7d3e6095fd468dc8"
    integrity sha1-itu0FInDyfMZzES8fT5glf1Gjcg=
    dependencies:
      "@ethersproject/bytes" "^5.3.0"
      "@ethersproject/sha2" "^5.3.0"
  
  "@ethersproject/properties@^5.0.0", "@ethersproject/properties@^5.3.0":
    version "5.3.0"
    resolved "https://registry.nlark.com/@ethersproject/properties/download/@ethersproject/properties-5.3.0.tgz#feef4c4babeb7c10a6b3449575016f4ad2c092b2"
    integrity sha1-/u9MS6vrfBCms0SVdQFvStLAkrI=
    dependencies:
      "@ethersproject/logger" "^5.3.0"
  
  "@ethersproject/providers@^5.0.0":
    version "5.3.0"
    resolved "https://registry.nlark.com/@ethersproject/providers/download/@ethersproject/providers-5.3.0.tgz#bccb49f1073a7d56e24f49abb14bb281c9b08636"
    integrity sha1-vMtJ8Qc6fVbiT0mrsUuygcmwhjY=
    dependencies:
      "@ethersproject/abstract-provider" "^5.3.0"
      "@ethersproject/abstract-signer" "^5.3.0"
      "@ethersproject/address" "^5.3.0"
      "@ethersproject/basex" "^5.3.0"
      "@ethersproject/bignumber" "^5.3.0"
      "@ethersproject/bytes" "^5.3.0"
      "@ethersproject/constants" "^5.3.0"
      "@ethersproject/hash" "^5.3.0"
      "@ethersproject/logger" "^5.3.0"
      "@ethersproject/networks" "^5.3.0"
      "@ethersproject/properties" "^5.3.0"
      "@ethersproject/random" "^5.3.0"
      "@ethersproject/rlp" "^5.3.0"
      "@ethersproject/sha2" "^5.3.0"
      "@ethersproject/strings" "^5.3.0"
      "@ethersproject/transactions" "^5.3.0"
      "@ethersproject/web" "^5.3.0"
      bech32 "1.1.4"
      ws "7.4.6"
  
  "@ethersproject/random@^5.0.0", "@ethersproject/random@^5.3.0":
    version "5.3.0"
    resolved "https://registry.nlark.com/@ethersproject/random/download/@ethersproject/random-5.3.0.tgz#7c46bf36e50cb0d0550bc8c666af8e1d4496dc1a"
    integrity sha1-fEa/NuUMsNBVC8jGZq+OHUSW3Bo=
    dependencies:
      "@ethersproject/bytes" "^5.3.0"
      "@ethersproject/logger" "^5.3.0"
  
  "@ethersproject/rlp@^5.0.0", "@ethersproject/rlp@^5.3.0":
    version "5.3.0"
    resolved "https://registry.nlark.com/@ethersproject/rlp/download/@ethersproject/rlp-5.3.0.tgz#7cb93a7b5dfa69163894153c9d4b0d936f333188"
    integrity sha1-fLk6e136aRY4lBU8nUsNk28zMYg=
    dependencies:
      "@ethersproject/bytes" "^5.3.0"
      "@ethersproject/logger" "^5.3.0"
  
  "@ethersproject/sha2@^5.0.0", "@ethersproject/sha2@^5.3.0":
    version "5.3.0"
    resolved "https://registry.nlark.com/@ethersproject/sha2/download/@ethersproject/sha2-5.3.0.tgz#209f9a1649f7d2452dcd5e5b94af43b7f3f42366"
    integrity sha1-IJ+aFkn30kUtzV5blK9Dt/P0I2Y=
    dependencies:
      "@ethersproject/bytes" "^5.3.0"
      "@ethersproject/logger" "^5.3.0"
      hash.js "1.1.7"
  
  "@ethersproject/signing-key@^5.0.0", "@ethersproject/signing-key@^5.3.0":
    version "5.3.0"
    resolved "https://registry.nlark.com/@ethersproject/signing-key/download/@ethersproject/signing-key-5.3.0.tgz#a96c88f8173e1abedfa35de32d3e5db7c48e5259"
    integrity sha1-qWyI+Bc+Gr7fo13jLT5dt8SOUlk=
    dependencies:
      "@ethersproject/bytes" "^5.3.0"
      "@ethersproject/logger" "^5.3.0"
      "@ethersproject/properties" "^5.3.0"
      bn.js "^4.11.9"
      elliptic "6.5.4"
      hash.js "1.1.7"
  
  "@ethersproject/solidity@^5.0.0":
    version "5.3.0"
    resolved "https://registry.nlark.com/@ethersproject/solidity/download/@ethersproject/solidity-5.3.0.tgz#2a0b00b4aaaef99a080ddea13acab1fa35cd4a93"
    integrity sha1-KgsAtKqu+ZoIDd6hOsqx+jXNSpM=
    dependencies:
      "@ethersproject/bignumber" "^5.3.0"
      "@ethersproject/bytes" "^5.3.0"
      "@ethersproject/keccak256" "^5.3.0"
      "@ethersproject/sha2" "^5.3.0"
      "@ethersproject/strings" "^5.3.0"
  
  "@ethersproject/strings@^5.0.0", "@ethersproject/strings@^5.3.0":
    version "5.3.0"
    resolved "https://registry.nlark.com/@ethersproject/strings/download/@ethersproject/strings-5.3.0.tgz#a6b640aab56a18e0909f657da798eef890968ff0"
    integrity sha1-prZAqrVqGOCQn2V9p5ju+JCWj/A=
    dependencies:
      "@ethersproject/bytes" "^5.3.0"
      "@ethersproject/constants" "^5.3.0"
      "@ethersproject/logger" "^5.3.0"
  
  "@ethersproject/transactions@^5.0.0", "@ethersproject/transactions@^5.3.0":
    version "5.3.0"
    resolved "https://registry.nlark.com/@ethersproject/transactions/download/@ethersproject/transactions-5.3.0.tgz#49b86f2bafa4d0bdf8e596578fc795ee47c50458"
    integrity sha1-SbhvK6+k0L345ZZXj8eV7kfFBFg=
    dependencies:
      "@ethersproject/address" "^5.3.0"
      "@ethersproject/bignumber" "^5.3.0"
      "@ethersproject/bytes" "^5.3.0"
      "@ethersproject/constants" "^5.3.0"
      "@ethersproject/keccak256" "^5.3.0"
      "@ethersproject/logger" "^5.3.0"
      "@ethersproject/properties" "^5.3.0"
      "@ethersproject/rlp" "^5.3.0"
      "@ethersproject/signing-key" "^5.3.0"
  
  "@ethersproject/units@^5.0.0":
    version "5.3.0"
    resolved "https://registry.nlark.com/@ethersproject/units/download/@ethersproject/units-5.3.0.tgz#c4d1493532ad3d4ddf6e2bc4f8c94a2db933a8f5"
    integrity sha1-xNFJNTKtPU3fbivE+MlKLbkzqPU=
    dependencies:
      "@ethersproject/bignumber" "^5.3.0"
      "@ethersproject/constants" "^5.3.0"
      "@ethersproject/logger" "^5.3.0"
  
  "@ethersproject/wallet@^5.0.0":
    version "5.3.0"
    resolved "https://registry.nlark.com/@ethersproject/wallet/download/@ethersproject/wallet-5.3.0.tgz#91946b470bd279e39ade58866f21f92749d062af"
    integrity sha1-kZRrRwvSeeOa3liGbyH5J0nQYq8=
    dependencies:
      "@ethersproject/abstract-provider" "^5.3.0"
      "@ethersproject/abstract-signer" "^5.3.0"
      "@ethersproject/address" "^5.3.0"
      "@ethersproject/bignumber" "^5.3.0"
      "@ethersproject/bytes" "^5.3.0"
      "@ethersproject/hash" "^5.3.0"
      "@ethersproject/hdnode" "^5.3.0"
      "@ethersproject/json-wallets" "^5.3.0"
      "@ethersproject/keccak256" "^5.3.0"
      "@ethersproject/logger" "^5.3.0"
      "@ethersproject/properties" "^5.3.0"
      "@ethersproject/random" "^5.3.0"
      "@ethersproject/signing-key" "^5.3.0"
      "@ethersproject/transactions" "^5.3.0"
      "@ethersproject/wordlists" "^5.3.0"
  
  "@ethersproject/web@^5.0.0", "@ethersproject/web@^5.3.0":
    version "5.3.0"
    resolved "https://registry.nlark.com/@ethersproject/web/download/@ethersproject/web-5.3.0.tgz#7959c403f6476c61515008d8f92da51c553a8ee1"
    integrity sha1-eVnEA/ZHbGFRUAjY+S2lHFU6juE=
    dependencies:
      "@ethersproject/base64" "^5.3.0"
      "@ethersproject/bytes" "^5.3.0"
      "@ethersproject/logger" "^5.3.0"
      "@ethersproject/properties" "^5.3.0"
      "@ethersproject/strings" "^5.3.0"
  
  "@ethersproject/wordlists@^5.0.0", "@ethersproject/wordlists@^5.3.0":
    version "5.3.0"
    resolved "https://registry.nlark.com/@ethersproject/wordlists/download/@ethersproject/wordlists-5.3.0.tgz#45a0205f5178c1de33d316cb2ab7ed5eac3c06c5"
    integrity sha1-RaAgX1F4wd4z0xbLKrftXqw8BsU=
    dependencies:
      "@ethersproject/bytes" "^5.3.0"
      "@ethersproject/hash" "^5.3.0"
      "@ethersproject/logger" "^5.3.0"
      "@ethersproject/properties" "^5.3.0"
      "@ethersproject/strings" "^5.3.0"
  
  "@jest/types@^25.5.0":
    version "25.5.0"
    resolved "https://registry.nlark.com/@jest/types/download/@jest/types-25.5.0.tgz#4d6a4793f7b9599fc3680877b856a97dbccf2a9d"
    integrity sha1-TWpHk/e5WZ/DaAh3uFapfbzPKp0=
    dependencies:
      "@types/istanbul-lib-coverage" "^2.0.0"
      "@types/istanbul-reports" "^1.1.1"
      "@types/yargs" "^15.0.0"
      chalk "^3.0.0"
  
  "@material-ui/core@^4.11.4":
    version "4.11.4"
    resolved "https://registry.nlark.com/@material-ui/core/download/@material-ui/core-4.11.4.tgz?cache=0&sync_timestamp=1622493849211&other_urls=https%3A%2F%2Fregistry.nlark.com%2F%40material-ui%2Fcore%2Fdownload%2F%40material-ui%2Fcore-4.11.4.tgz#4fb9fe5dec5dcf780b687e3a40cff78b2b9640a4"
    integrity sha1-T7n+Xexdz3gLaH46QM/3iyuWQKQ=
    dependencies:
      "@babel/runtime" "^7.4.4"
      "@material-ui/styles" "^4.11.4"
      "@material-ui/system" "^4.11.3"
      "@material-ui/types" "5.1.0"
      "@material-ui/utils" "^4.11.2"
      "@types/react-transition-group" "^4.2.0"
      clsx "^1.0.4"
      hoist-non-react-statics "^3.3.2"
      popper.js "1.16.1-lts"
      prop-types "^15.7.2"
      react-is "^16.8.0 || ^17.0.0"
      react-transition-group "^4.4.0"
  
  "@material-ui/icons@^4.11.2":
    version "4.11.2"
    resolved "https://registry.nlark.com/@material-ui/icons/download/@material-ui/icons-4.11.2.tgz#b3a7353266519cd743b6461ae9fdfcb1b25eb4c5"
    integrity sha1-s6c1MmZRnNdDtkYa6f38sbJetMU=
    dependencies:
      "@babel/runtime" "^7.4.4"
  
  "@material-ui/styles@^4.11.4":
    version "4.11.4"
    resolved "https://registry.nlark.com/@material-ui/styles/download/@material-ui/styles-4.11.4.tgz?cache=0&sync_timestamp=1622493848853&other_urls=https%3A%2F%2Fregistry.nlark.com%2F%40material-ui%2Fstyles%2Fdownload%2F%40material-ui%2Fstyles-4.11.4.tgz#eb9dfccfcc2d208243d986457dff025497afa00d"
    integrity sha1-6538z8wtIIJD2YZFff8CVJevoA0=
    dependencies:
      "@babel/runtime" "^7.4.4"
      "@emotion/hash" "^0.8.0"
      "@material-ui/types" "5.1.0"
      "@material-ui/utils" "^4.11.2"
      clsx "^1.0.4"
      csstype "^2.5.2"
      hoist-non-react-statics "^3.3.2"
      jss "^10.5.1"
      jss-plugin-camel-case "^10.5.1"
      jss-plugin-default-unit "^10.5.1"
      jss-plugin-global "^10.5.1"
      jss-plugin-nested "^10.5.1"
      jss-plugin-props-sort "^10.5.1"
      jss-plugin-rule-value-function "^10.5.1"
      jss-plugin-vendor-prefixer "^10.5.1"
      prop-types "^15.7.2"
  
  "@material-ui/system@^4.11.3":
    version "4.11.3"
    resolved "https://registry.nlark.com/@material-ui/system/download/@material-ui/system-4.11.3.tgz?cache=0&sync_timestamp=1622493848558&other_urls=https%3A%2F%2Fregistry.nlark.com%2F%40material-ui%2Fsystem%2Fdownload%2F%40material-ui%2Fsystem-4.11.3.tgz#466bc14c9986798fd325665927c963eb47cc4143"
    integrity sha1-RmvBTJmGeY/TJWZZJ8lj60fMQUM=
    dependencies:
      "@babel/runtime" "^7.4.4"
      "@material-ui/utils" "^4.11.2"
      csstype "^2.5.2"
      prop-types "^15.7.2"
  
  "@material-ui/types@5.1.0":
    version "5.1.0"
    resolved "https://registry.nlark.com/@material-ui/types/download/@material-ui/types-5.1.0.tgz?cache=0&sync_timestamp=1622493849638&other_urls=https%3A%2F%2Fregistry.nlark.com%2F%40material-ui%2Ftypes%2Fdownload%2F%40material-ui%2Ftypes-5.1.0.tgz#efa1c7a0b0eaa4c7c87ac0390445f0f88b0d88f2"
    integrity sha1-76HHoLDqpMfIesA5BEXw+IsNiPI=
  
  "@material-ui/utils@^4.11.2":
    version "4.11.2"
    resolved "https://registry.nlark.com/@material-ui/utils/download/@material-ui/utils-4.11.2.tgz?cache=0&sync_timestamp=1622493848606&other_urls=https%3A%2F%2Fregistry.nlark.com%2F%40material-ui%2Futils%2Fdownload%2F%40material-ui%2Futils-4.11.2.tgz#f1aefa7e7dff2ebcb97d31de51aecab1bb57540a"
    integrity sha1-8a76fn3/Lry5fTHeUa7KsbtXVAo=
    dependencies:
      "@babel/runtime" "^7.4.4"
      prop-types "^15.7.2"
      react-is "^16.8.0 || ^17.0.0"
  
  "@typechain/ethers-v5@^6.0.5":
    version "6.0.5"
    resolved "https://registry.nlark.com/@typechain/ethers-v5/download/@typechain/ethers-v5-6.0.5.tgz#39bbf9baadd0e8d9efad9d16c60152b7cd9a467b"
    integrity sha1-Obv5uq3Q6NnvrZ0WxgFSt82aRns=
  
  "@types/history@*":
    version "4.7.8"
    resolved "https://registry.nlark.com/@types/history/download/@types/history-4.7.8.tgz?cache=0&sync_timestamp=1621241339076&other_urls=https%3A%2F%2Fregistry.nlark.com%2F%40types%2Fhistory%2Fdownload%2F%40types%2Fhistory-4.7.8.tgz#49348387983075705fe8f4e02fb67f7daaec4934"
    integrity sha1-STSDh5gwdXBf6PTgL7Z/farsSTQ=
  
  "@types/istanbul-lib-coverage@*", "@types/istanbul-lib-coverage@^2.0.0":
    version "2.0.3"
    resolved "https://registry.nlark.com/@types/istanbul-lib-coverage/download/@types/istanbul-lib-coverage-2.0.3.tgz#4ba8ddb720221f432e443bd5f9117fd22cfd4762"
    integrity sha1-S6jdtyAiH0MuRDvV+RF/0iz9R2I=
  
  "@types/istanbul-lib-report@*":
    version "3.0.0"
    resolved "https://registry.nlark.com/@types/istanbul-lib-report/download/@types/istanbul-lib-report-3.0.0.tgz#c14c24f18ea8190c118ee7562b7ff99a36552686"
    integrity sha1-wUwk8Y6oGQwRjudWK3/5mjZVJoY=
    dependencies:
      "@types/istanbul-lib-coverage" "*"
  
  "@types/istanbul-reports@^1.1.1":
    version "1.1.2"
    resolved "https://registry.nlark.com/@types/istanbul-reports/download/@types/istanbul-reports-1.1.2.tgz?cache=0&sync_timestamp=1622582274460&other_urls=https%3A%2F%2Fregistry.nlark.com%2F%40types%2Fistanbul-reports%2Fdownload%2F%40types%2Fistanbul-reports-1.1.2.tgz#e875cc689e47bce549ec81f3df5e6f6f11cfaeb2"
    integrity sha1-6HXMaJ5HvOVJ7IHz315vbxHPrrI=
    dependencies:
      "@types/istanbul-lib-coverage" "*"
      "@types/istanbul-lib-report" "*"
  
  "@types/jest@^25.0.0":
    version "25.2.3"
    resolved "https://registry.nlark.com/@types/jest/download/@types/jest-25.2.3.tgz#33d27e4c4716caae4eced355097a47ad363fdcaf"
    integrity sha1-M9J+TEcWyq5OztNVCXpHrTY/3K8=
    dependencies:
      jest-diff "^25.2.1"
      pretty-format "^25.2.1"
  
  "@types/mkdirp@^0.5.2":
    version "0.5.2"
    resolved "https://registry.nlark.com/@types/mkdirp/download/@types/mkdirp-0.5.2.tgz#503aacfe5cc2703d5484326b1b27efa67a339c1f"
    integrity sha1-UDqs/lzCcD1UhDJrGyfvpnoznB8=
    dependencies:
      "@types/node" "*"
  
  "@types/node@*":
    version "15.12.1"
    resolved "https://registry.nlark.com/@types/node/download/@types/node-15.12.1.tgz#9b60797dee1895383a725f828a869c86c6caa5c2"
    integrity sha1-m2B5fe4YlTg6cl+CioachsbKpcI=
  
  "@types/node@^12.0.0":
    version "12.20.14"
    resolved "https://registry.nlark.com/@types/node/download/@types/node-12.20.14.tgz#9caf7eea0df08b406829889cc015256a6d81ab10"
    integrity sha1-nK9+6g3wi0BoKYicwBUlam2BqxA=
  
  "@types/prettier@^2.1.1":
    version "2.2.3"
    resolved "https://registry.nlark.com/@types/prettier/download/@types/prettier-2.2.3.tgz?cache=0&sync_timestamp=1621242223838&other_urls=https%3A%2F%2Fregistry.nlark.com%2F%40types%2Fprettier%2Fdownload%2F%40types%2Fprettier-2.2.3.tgz#ef65165aea2924c9359205bf748865b8881753c0"
    integrity sha1-72UWWuopJMk1kgW/dIhluIgXU8A=
  
  "@types/prop-types@*":
    version "15.7.3"
    resolved "https://registry.nlark.com/@types/prop-types/download/@types/prop-types-15.7.3.tgz#2ab0d5da2e5815f94b0b9d4b95d1e5f243ab2ca7"
    integrity sha1-KrDV2i5YFflLC51LldHl8kOrLKc=
  
  "@types/react-dom@^16.9.0":
    version "16.9.13"
    resolved "https://registry.nlark.com/@types/react-dom/download/@types/react-dom-16.9.13.tgz#5898f0ee68fe200685e6b61d3d7d8828692814d0"
    integrity sha1-WJjw7mj+IAaF5rYdPX2IKGkoFNA=
    dependencies:
      "@types/react" "^16"
  
  "@types/react-router-dom@^5.1.7":
    version "5.1.7"
    resolved "https://registry.nlark.com/@types/react-router-dom/download/@types/react-router-dom-5.1.7.tgz?cache=0&sync_timestamp=1621242448864&other_urls=https%3A%2F%2Fregistry.nlark.com%2F%40types%2Freact-router-dom%2Fdownload%2F%40types%2Freact-router-dom-5.1.7.tgz#a126d9ea76079ffbbdb0d9225073eb5797ab7271"
    integrity sha1-oSbZ6nYHn/u9sNkiUHPrV5ercnE=
    dependencies:
      "@types/history" "*"
      "@types/react" "*"
      "@types/react-router" "*"
  
  "@types/react-router@*":
    version "5.1.14"
    resolved "https://registry.nlark.com/@types/react-router/download/@types/react-router-5.1.14.tgz?cache=0&sync_timestamp=1621242449920&other_urls=https%3A%2F%2Fregistry.nlark.com%2F%40types%2Freact-router%2Fdownload%2F%40types%2Freact-router-5.1.14.tgz#e0442f4eb4c446541ad7435d44a97f8fe6df40da"
    integrity sha1-4EQvTrTERlQa10NdRKl/j+bfQNo=
    dependencies:
      "@types/history" "*"
      "@types/react" "*"
  
  "@types/react-transition-group@^4.2.0":
    version "4.4.1"
    resolved "https://registry.nlark.com/@types/react-transition-group/download/@types/react-transition-group-4.4.1.tgz#e1a3cb278df7f47f17b5082b1b3da17170bd44b1"
    integrity sha1-4aPLJ4339H8XtQgrGz2hcXC9RLE=
    dependencies:
      "@types/react" "*"
  
  "@types/react@*":
    version "17.0.9"
    resolved "https://registry.nlark.com/@types/react/download/@types/react-17.0.9.tgz#1147fb520024a62c9b3841f5cb4db89b73ddb87f"
    integrity sha1-EUf7UgAkpiybOEH1y024m3PduH8=
    dependencies:
      "@types/prop-types" "*"
      "@types/scheduler" "*"
      csstype "^3.0.2"
  
  "@types/react@^16", "@types/react@^16.9.0":
    version "16.14.8"
    resolved "https://registry.nlark.com/@types/react/download/@types/react-16.14.8.tgz#4aee3ab004cb98451917c9b7ada3c7d7e52db3fe"
    integrity sha1-Su46sATLmEUZF8m3raPH1+Uts/4=
    dependencies:
      "@types/prop-types" "*"
      "@types/scheduler" "*"
      csstype "^3.0.2"
  
  "@types/resolve@^0.0.8":
    version "0.0.8"
    resolved "https://registry.nlark.com/@types/resolve/download/@types/resolve-0.0.8.tgz#f26074d238e02659e323ce1a13d041eee280e194"
    integrity sha1-8mB00jjgJlnjI84aE9BB7uKA4ZQ=
    dependencies:
      "@types/node" "*"
  
  "@types/scheduler@*":
    version "0.16.1"
    resolved "https://registry.nlark.com/@types/scheduler/download/@types/scheduler-0.16.1.tgz?cache=0&sync_timestamp=1621242704081&other_urls=https%3A%2F%2Fregistry.nlark.com%2F%40types%2Fscheduler%2Fdownload%2F%40types%2Fscheduler-0.16.1.tgz#18845205e86ff0038517aab7a18a62a6b9f71275"
    integrity sha1-GIRSBehv8AOFF6q3oYpiprn3EnU=
  
  "@types/yargs-parser@*":
    version "20.2.0"
    resolved "https://registry.nlark.com/@types/yargs-parser/download/@types/yargs-parser-20.2.0.tgz?cache=0&sync_timestamp=1621243984050&other_urls=https%3A%2F%2Fregistry.nlark.com%2F%40types%2Fyargs-parser%2Fdownload%2F%40types%2Fyargs-parser-20.2.0.tgz#dd3e6699ba3237f0348cd085e4698780204842f9"
    integrity sha1-3T5mmboyN/A0jNCF5GmHgCBIQvk=
  
  "@types/yargs@^15.0.0":
    version "15.0.13"
    resolved "https://registry.nlark.com/@types/yargs/download/@types/yargs-15.0.13.tgz?cache=0&sync_timestamp=1621593386515&other_urls=https%3A%2F%2Fregistry.nlark.com%2F%40types%2Fyargs%2Fdownload%2F%40types%2Fyargs-15.0.13.tgz#34f7fec8b389d7f3c1fd08026a5763e072d3c6dc"
    integrity sha1-NPf+yLOJ1/PB/QgCaldj4HLTxtw=
    dependencies:
      "@types/yargs-parser" "*"
  
  "@vitejs/plugin-react-refresh@^1.3.1":
    version "1.3.3"
    resolved "https://registry.nlark.com/@vitejs/plugin-react-refresh/download/@vitejs/plugin-react-refresh-1.3.3.tgz#d5afb3e0463f368a8afadfdd7305fe5c5fe78a6a"
    integrity sha1-1a+z4EY/NoqK+t/dcwX+XF/nimo=
    dependencies:
      "@babel/core" "^7.12.13"
      "@babel/plugin-transform-react-jsx-self" "^7.12.13"
      "@babel/plugin-transform-react-jsx-source" "^7.12.13"
      react-refresh "^0.9.0"
  
  "@web3-react/abstract-connector@^6.0.7":
    version "6.0.7"
    resolved "https://registry.npm.taobao.org/@web3-react/abstract-connector/download/@web3-react/abstract-connector-6.0.7.tgz#401b3c045f1e0fab04256311be49d5144e9badc6"
    integrity sha1-QBs8BF8eD6sEJWMRvknVFE6brcY=
    dependencies:
      "@web3-react/types" "^6.0.7"
  
  "@web3-react/core@^6.1.9":
    version "6.1.9"
    resolved "https://registry.npm.taobao.org/@web3-react/core/download/@web3-react/core-6.1.9.tgz#5f5daa0545a8ea07770a699580ced552583afc97"
    integrity sha1-X12qBUWo6gd3CmmVgM7VUlg6/Jc=
    dependencies:
      "@ethersproject/keccak256" "^5.0.0-beta.130"
      "@web3-react/abstract-connector" "^6.0.7"
      "@web3-react/types" "^6.0.7"
      tiny-invariant "^1.0.6"
      tiny-warning "^1.0.3"
  
  "@web3-react/injected-connector@^6.0.7":
    version "6.0.7"
    resolved "https://registry.npm.taobao.org/@web3-react/injected-connector/download/@web3-react/injected-connector-6.0.7.tgz#1e0be23f51fa07fe6547fe986768a46b74c3a426"
    integrity sha1-HgviP1H6B/5lR/6YZ2ika3TDpCY=
    dependencies:
      "@web3-react/abstract-connector" "^6.0.7"
      "@web3-react/types" "^6.0.7"
      tiny-warning "^1.0.3"
  
  "@web3-react/types@^6.0.7":
    version "6.0.7"
    resolved "https://registry.npm.taobao.org/@web3-react/types/download/@web3-react/types-6.0.7.tgz#34a6204224467eedc6123abaf55fbb6baeb2809f"
    integrity sha1-NKYgQiRGfu3GEjq69V+7a66ygJ8=
  
  aes-js@3.0.0:
    version "3.0.0"
    resolved "https://registry.npm.taobao.org/aes-js/download/aes-js-3.0.0.tgz#e21df10ad6c2053295bcbb8dab40b09dbea87e4d"
    integrity sha1-4h3xCtbCBTKVvLuNq0Cwnb6ofk0=
  
  ansi-regex@^5.0.0:
    version "5.0.0"
    resolved "https://registry.nlark.com/ansi-regex/download/ansi-regex-5.0.0.tgz#388539f55179bf39339c81af30a654d69f87cb75"
    integrity sha1-OIU59VF5vzkznIGvMKZU1p+Hy3U=
  
  ansi-styles@^3.2.1:
    version "3.2.1"
    resolved "https://registry.nlark.com/ansi-styles/download/ansi-styles-3.2.1.tgz?cache=0&sync_timestamp=1618995778321&other_urls=https%3A%2F%2Fregistry.nlark.com%2Fansi-styles%2Fdownload%2Fansi-styles-3.2.1.tgz#41fbb20243e50b12be0f04b8dedbf07520ce841d"
    integrity sha1-QfuyAkPlCxK+DwS43tvwdSDOhB0=
    dependencies:
      color-convert "^1.9.0"
  
  ansi-styles@^4.0.0, ansi-styles@^4.1.0:
    version "4.3.0"
    resolved "https://registry.nlark.com/ansi-styles/download/ansi-styles-4.3.0.tgz?cache=0&sync_timestamp=1618995778321&other_urls=https%3A%2F%2Fregistry.nlark.com%2Fansi-styles%2Fdownload%2Fansi-styles-4.3.0.tgz#edd803628ae71c04c85ae7a0906edad34b648937"
    integrity sha1-7dgDYornHATIWuegkG7a00tkiTc=
    dependencies:
      color-convert "^2.0.1"
  
  array-back@^1.0.3, array-back@^1.0.4:
    version "1.0.4"
    resolved "https://registry.nlark.com/array-back/download/array-back-1.0.4.tgz#644ba7f095f7ffcf7c43b5f0dc39d3c1f03c063b"
    integrity sha1-ZEun8JX3/898Q7Xw3DnTwfA8Bjs=
    dependencies:
      typical "^2.6.0"
  
  array-back@^2.0.0:
    version "2.0.0"
    resolved "https://registry.nlark.com/array-back/download/array-back-2.0.0.tgz#6877471d51ecc9c9bfa6136fb6c7d5fe69748022"
    integrity sha1-aHdHHVHsycm/phNvtsfV/ml0gCI=
    dependencies:
      typical "^2.6.1"
  
  balanced-match@^1.0.0:
    version "1.0.2"
    resolved "https://registry.nlark.com/balanced-match/download/balanced-match-1.0.2.tgz#e83e3a7e3f300b34cb9d87f615fa0cbf357690ee"
    integrity sha1-6D46fj8wCzTLnYf2FfoMvzV2kO4=
  
  bech32@1.1.4:
    version "1.1.4"
    resolved "https://registry.npm.taobao.org/bech32/download/bech32-1.1.4.tgz#e38c9f37bf179b8eb16ae3a772b40c356d4832e9"
    integrity sha1-44yfN78Xm46xauOncrQMNW1IMuk=
  
  bn.js@^4.11.9:
    version "4.12.0"
    resolved "https://registry.npm.taobao.org/bn.js/download/bn.js-4.12.0.tgz#775b3f278efbb9718eec7361f483fb36fbbfea88"
    integrity sha1-d1s/J477uXGO7HNh9IP7Nvu/6og=
  
  brace-expansion@^1.1.7:
    version "1.1.11"
    resolved "https://registry.npm.taobao.org/brace-expansion/download/brace-expansion-1.1.11.tgz#3c7fcbf529d87226f3d2f52b966ff5271eb441dd"
    integrity sha1-PH/L9SnYcibz0vUrlm/1Jx60Qd0=
    dependencies:
      balanced-match "^1.0.0"
      concat-map "0.0.1"
  
  brorand@^1.1.0:
    version "1.1.0"
    resolved "https://registry.nlark.com/brorand/download/brorand-1.1.0.tgz#12c25efe40a45e3c323eb8675a0a0ce57b22371f"
    integrity sha1-EsJe/kCkXjwyPrhnWgoM5XsiNx8=
  
  browserslist@^4.16.6:
    version "4.16.6"
    resolved "https://registry.nlark.com/browserslist/download/browserslist-4.16.6.tgz?cache=0&sync_timestamp=1619789101558&other_urls=https%3A%2F%2Fregistry.nlark.com%2Fbrowserslist%2Fdownload%2Fbrowserslist-4.16.6.tgz#d7901277a5a88e554ed305b183ec9b0c08f66fa2"
    integrity sha1-15ASd6WojlVO0wWxg+ybDAj2b6I=
    dependencies:
      caniuse-lite "^1.0.30001219"
      colorette "^1.2.2"
      electron-to-chromium "^1.3.723"
      escalade "^3.1.1"
      node-releases "^1.1.71"
  
  caniuse-lite@^1.0.30001219:
    version "1.0.30001233"
    resolved "https://registry.nlark.com/caniuse-lite/download/caniuse-lite-1.0.30001233.tgz#b7cb4a377a4b12ed240d2fa5c792951a06e5f2c4"
    integrity sha1-t8tKN3pLEu0kDS+lx5KVGgbl8sQ=
  
  chalk@^2.0.0, chalk@^2.4.1:
    version "2.4.2"
    resolved "https://registry.nlark.com/chalk/download/chalk-2.4.2.tgz?cache=0&sync_timestamp=1618995355917&other_urls=https%3A%2F%2Fregistry.nlark.com%2Fchalk%2Fdownload%2Fchalk-2.4.2.tgz#cd42541677a54333cf541a49108c1432b44c9424"
    integrity sha1-zUJUFnelQzPPVBpJEIwUMrRMlCQ=
    dependencies:
      ansi-styles "^3.2.1"
      escape-string-regexp "^1.0.5"
      supports-color "^5.3.0"
  
  chalk@^3.0.0:
    version "3.0.0"
    resolved "https://registry.nlark.com/chalk/download/chalk-3.0.0.tgz?cache=0&sync_timestamp=1618995355917&other_urls=https%3A%2F%2Fregistry.nlark.com%2Fchalk%2Fdownload%2Fchalk-3.0.0.tgz#3f73c2bf526591f574cc492c51e2456349f844e4"
    integrity sha1-P3PCv1JlkfV0zEksUeJFY0n4ROQ=
    dependencies:
      ansi-styles "^4.1.0"
      supports-color "^7.1.0"
  
  clsx@^1.0.4:
    version "1.1.1"
    resolved "https://registry.npm.taobao.org/clsx/download/clsx-1.1.1.tgz#98b3134f9abbdf23b2663491ace13c5c03a73188"
    integrity sha1-mLMTT5q73yOyZjSRrOE8XAOnMYg=
  
  color-convert@^1.9.0:
    version "1.9.3"
    resolved "https://registry.nlark.com/color-convert/download/color-convert-1.9.3.tgz#bb71850690e1f136567de629d2d5471deda4c1e8"
    integrity sha1-u3GFBpDh8TZWfeYp0tVHHe2kweg=
    dependencies:
      color-name "1.1.3"
  
  color-convert@^2.0.1:
    version "2.0.1"
    resolved "https://registry.nlark.com/color-convert/download/color-convert-2.0.1.tgz#72d3a68d598c9bdb3af2ad1e84f21d896abd4de3"
    integrity sha1-ctOmjVmMm9s68q0ehPIdiWq9TeM=
    dependencies:
      color-name "~1.1.4"
  
  color-name@1.1.3:
    version "1.1.3"
    resolved "https://registry.npm.taobao.org/color-name/download/color-name-1.1.3.tgz#a7d0558bd89c42f795dd42328f740831ca53bc25"
    integrity sha1-p9BVi9icQveV3UIyj3QIMcpTvCU=
  
  color-name@~1.1.4:
    version "1.1.4"
    resolved "https://registry.npm.taobao.org/color-name/download/color-name-1.1.4.tgz#c2a09a87acbde69543de6f63fa3995c826c536a2"
    integrity sha1-wqCah6y95pVD3m9j+jmVyCbFNqI=
  
  colorette@^1.2.2:
    version "1.2.2"
    resolved "https://registry.npm.taobao.org/colorette/download/colorette-1.2.2.tgz#cbcc79d5e99caea2dbf10eb3a26fd8b3e6acfa94"
    integrity sha1-y8x51emcrqLb8Q6zom/Ys+as+pQ=
  
  command-line-args@^4.0.7:
    version "4.0.7"
    resolved "https://registry.npm.taobao.org/command-line-args/download/command-line-args-4.0.7.tgz#f8d1916ecb90e9e121eda6428e41300bfb64cc46"
    integrity sha1-+NGRbsuQ6eEh7aZCjkEwC/tkzEY=
    dependencies:
      array-back "^2.0.0"
      find-replace "^1.0.3"
      typical "^2.6.1"
  
  concat-map@0.0.1:
    version "0.0.1"
    resolved "https://registry.npm.taobao.org/concat-map/download/concat-map-0.0.1.tgz#d8a96bd77fd68df7793a73036a3ba0d5405d477b"
    integrity sha1-2Klr13/Wjfd5OnMDajug1UBdR3s=
  
  convert-source-map@^1.7.0:
    version "1.7.0"
    resolved "https://registry.nlark.com/convert-source-map/download/convert-source-map-1.7.0.tgz?cache=0&sync_timestamp=1618847182423&other_urls=https%3A%2F%2Fregistry.nlark.com%2Fconvert-source-map%2Fdownload%2Fconvert-source-map-1.7.0.tgz#17a2cb882d7f77d3490585e2ce6c524424a3a442"
    integrity sha1-F6LLiC1/d9NJBYXizmxSRCSjpEI=
    dependencies:
      safe-buffer "~5.1.1"
  
  css-vendor@^2.0.8:
    version "2.0.8"
    resolved "https://registry.npm.taobao.org/css-vendor/download/css-vendor-2.0.8.tgz#e47f91d3bd3117d49180a3c935e62e3d9f7f449d"
    integrity sha1-5H+R070xF9SRgKPJNeYuPZ9/RJ0=
    dependencies:
      "@babel/runtime" "^7.8.3"
      is-in-browser "^1.0.2"
  
  csstype@^2.5.2:
    version "2.6.17"
    resolved "https://registry.nlark.com/csstype/download/csstype-2.6.17.tgz#4cf30eb87e1d1a005d8b6510f95292413f6a1c0e"
    integrity sha1-TPMOuH4dGgBdi2UQ+VKSQT9qHA4=
  
  csstype@^3.0.2:
    version "3.0.8"
    resolved "https://registry.nlark.com/csstype/download/csstype-3.0.8.tgz#d2266a792729fb227cd216fb572f43728e1ad340"
    integrity sha1-0iZqeScp+yJ80hb7Vy9Dco4a00A=
  
  d3-array@2, d3-array@^2.3.0, d3-array@^2.4.0:
    version "2.12.1"
    resolved "https://registry.nlark.com/d3-array/download/d3-array-2.12.1.tgz?cache=0&sync_timestamp=1622916901018&other_urls=https%3A%2F%2Fregistry.nlark.com%2Fd3-array%2Fdownload%2Fd3-array-2.12.1.tgz#e20b41aafcdffdf5d50928004ececf815a465e81"
    integrity sha1-4gtBqvzf/fXVCSgATs7PgVpGXoE=
    dependencies:
      internmap "^1.0.0"
  
  "d3-color@1 - 2":
    version "2.0.0"
    resolved "https://registry.nlark.com/d3-color/download/d3-color-2.0.0.tgz#8d625cab42ed9b8f601a1760a389f7ea9189d62e"
    integrity sha1-jWJcq0Ltm49gGhdgo4n36pGJ1i4=
  
  "d3-format@1 - 2":
    version "2.0.0"
    resolved "https://registry.nlark.com/d3-format/download/d3-format-2.0.0.tgz#a10bcc0f986c372b729ba447382413aabf5b0767"
    integrity sha1-oQvMD5hsNytym6RHOCQTqr9bB2c=
  
  "d3-interpolate@1.2.0 - 2":
    version "2.0.1"
    resolved "https://registry.nlark.com/d3-interpolate/download/d3-interpolate-2.0.1.tgz#98be499cfb8a3b94d4ff616900501a64abc91163"
    integrity sha1-mL5JnPuKO5TU/2FpAFAaZKvJEWM=
    dependencies:
      d3-color "1 - 2"
  
  d3-path@1:
    version "1.0.9"
    resolved "https://registry.nlark.com/d3-path/download/d3-path-1.0.9.tgz#48c050bb1fe8c262493a8caf5524e3e9591701cf"
    integrity sha1-SMBQux/owmJJOoyvVSTj6VkXAc8=
  
  d3-scale@^3.2.0:
    version "3.3.0"
    resolved "https://registry.nlark.com/d3-scale/download/d3-scale-3.3.0.tgz?cache=0&sync_timestamp=1622924716548&other_urls=https%3A%2F%2Fregistry.nlark.com%2Fd3-scale%2Fdownload%2Fd3-scale-3.3.0.tgz#28c600b29f47e5b9cd2df9749c206727966203f3"
    integrity sha1-KMYAsp9H5bnNLfl0nCBnJ5ZiA/M=
    dependencies:
      d3-array "^2.3.0"
      d3-format "1 - 2"
      d3-interpolate "1.2.0 - 2"
      d3-time "^2.1.1"
      d3-time-format "2 - 3"
  
  d3-shape@^1.3.7:
    version "1.3.7"
    resolved "https://registry.nlark.com/d3-shape/download/d3-shape-1.3.7.tgz#df63801be07bc986bc54f63789b4fe502992b5d7"
    integrity sha1-32OAG+B7yYa8VPY3ibT+UCmStdc=
    dependencies:
      d3-path "1"
  
  "d3-time-format@2 - 3":
    version "3.0.0"
    resolved "https://registry.nlark.com/d3-time-format/download/d3-time-format-3.0.0.tgz#df8056c83659e01f20ac5da5fdeae7c08d5f1bb6"
    integrity sha1-34BWyDZZ4B8grF2l/ernwI1fG7Y=
    dependencies:
      d3-time "1 - 2"
  
  "d3-time@1 - 2", d3-time@^2.1.1:
    version "2.1.1"
    resolved "https://registry.nlark.com/d3-time/download/d3-time-2.1.1.tgz?cache=0&sync_timestamp=1622916451147&other_urls=https%3A%2F%2Fregistry.nlark.com%2Fd3-time%2Fdownload%2Fd3-time-2.1.1.tgz#e9d8a8a88691f4548e68ca085e5ff956724a6682"
    integrity sha1-6dioqIaR9FSOaMoIXl/5VnJKZoI=
    dependencies:
      d3-array "2"
  
  debug@^4.1.0, debug@^4.1.1:
    version "4.3.1"
    resolved "https://registry.npm.taobao.org/debug/download/debug-4.3.1.tgz?cache=0&sync_timestamp=1607566580543&other_urls=https%3A%2F%2Fregistry.npm.taobao.org%2Fdebug%2Fdownload%2Fdebug-4.3.1.tgz#f0d229c505e0c6d8c49ac553d1b13dc183f6b2ee"
    integrity sha1-8NIpxQXgxtjEmsVT0bE9wYP2su4=
    dependencies:
      ms "2.1.2"
  
  diff-sequences@^25.2.6:
    version "25.2.6"
    resolved "https://registry.nlark.com/diff-sequences/download/diff-sequences-25.2.6.tgz?cache=0&sync_timestamp=1621937309522&other_urls=https%3A%2F%2Fregistry.nlark.com%2Fdiff-sequences%2Fdownload%2Fdiff-sequences-25.2.6.tgz#5f467c00edd35352b7bca46d7927d60e687a76dd"
    integrity sha1-X0Z8AO3TU1K3vKRteSfWDmh6dt0=
  
  dom-helpers@^5.0.1:
    version "5.2.1"
    resolved "https://registry.nlark.com/dom-helpers/download/dom-helpers-5.2.1.tgz#d9400536b2bf8225ad98fe052e029451ac40e902"
    integrity sha1-2UAFNrK/giWtmP4FLgKUUaxA6QI=
    dependencies:
      "@babel/runtime" "^7.8.7"
      csstype "^3.0.2"
  
  electron-to-chromium@^1.3.723:
    version "1.3.749"
    resolved "https://registry.nlark.com/electron-to-chromium/download/electron-to-chromium-1.3.749.tgz#0ecebc529ceb49dd2a7c838ae425236644c3439a"
    integrity sha1-Ds68UpzrSd0qfIOK5CUjZkTDQ5o=
  
  elliptic@6.5.4:
    version "6.5.4"
    resolved "https://registry.nlark.com/elliptic/download/elliptic-6.5.4.tgz#da37cebd31e79a1367e941b592ed1fbebd58abbb"
    integrity sha1-2jfOvTHnmhNn6UG1ku0fvr1Yq7s=
    dependencies:
      bn.js "^4.11.9"
      brorand "^1.1.0"
      hash.js "^1.0.0"
      hmac-drbg "^1.0.1"
      inherits "^2.0.4"
      minimalistic-assert "^1.0.1"
      minimalistic-crypto-utils "^1.0.1"
  
  esbuild@^0.12.5:
    version "0.12.6"
    resolved "https://registry.nlark.com/esbuild/download/esbuild-0.12.6.tgz#85bc755c7cf3005d4f34b4f10f98049ce0ee67ce"
    integrity sha1-hbx1XHzzAF1PNLTxD5gEnODuZ84=
  
  escalade@^3.1.1:
    version "3.1.1"
    resolved "https://registry.nlark.com/escalade/download/escalade-3.1.1.tgz#d8cfdc7000965c5a0174b4a82eaa5c0552742e40"
    integrity sha1-2M/ccACWXFoBdLSoLqpcBVJ0LkA=
  
  escape-string-regexp@^1.0.5:
    version "1.0.5"
    resolved "https://registry.npm.taobao.org/escape-string-regexp/download/escape-string-regexp-1.0.5.tgz?cache=0&sync_timestamp=1618677243201&other_urls=https%3A%2F%2Fregistry.npm.taobao.org%2Fescape-string-regexp%2Fdownload%2Fescape-string-regexp-1.0.5.tgz#1b61c0562190a8dff6ae3bb2cf0200ca130b86d4"
    integrity sha1-G2HAViGQqN/2rjuyzwIAyhMLhtQ=
  
  ethers@5.0.2:
    version "5.0.2"
    resolved "https://registry.nlark.com/ethers/download/ethers-5.0.2.tgz#b7ccca12592c8f5f45e172c3c32fd13d77225048"
    integrity sha1-t8zKElksj19F4XLDwy/RPXciUEg=
    dependencies:
      "@ethersproject/abi" "^5.0.0"
      "@ethersproject/abstract-provider" "^5.0.0"
      "@ethersproject/abstract-signer" "^5.0.0"
      "@ethersproject/address" "^5.0.0"
      "@ethersproject/base64" "^5.0.0"
      "@ethersproject/bignumber" "^5.0.0"
      "@ethersproject/bytes" "^5.0.0"
      "@ethersproject/constants" "^5.0.0"
      "@ethersproject/contracts" "^5.0.0"
      "@ethersproject/hash" "^5.0.0"
      "@ethersproject/hdnode" "^5.0.0"
      "@ethersproject/json-wallets" "^5.0.0"
      "@ethersproject/keccak256" "^5.0.0"
      "@ethersproject/logger" "^5.0.0"
      "@ethersproject/networks" "^5.0.0"
      "@ethersproject/pbkdf2" "^5.0.0"
      "@ethersproject/properties" "^5.0.0"
      "@ethersproject/providers" "^5.0.0"
      "@ethersproject/random" "^5.0.0"
      "@ethersproject/rlp" "^5.0.0"
      "@ethersproject/sha2" "^5.0.0"
      "@ethersproject/signing-key" "^5.0.0"
      "@ethersproject/solidity" "^5.0.0"
      "@ethersproject/strings" "^5.0.0"
      "@ethersproject/transactions" "^5.0.0"
      "@ethersproject/units" "^5.0.0"
      "@ethersproject/wallet" "^5.0.0"
      "@ethersproject/web" "^5.0.0"
      "@ethersproject/wordlists" "^5.0.0"
  
  find-replace@^1.0.3:
    version "1.0.3"
    resolved "https://registry.npm.taobao.org/find-replace/download/find-replace-1.0.3.tgz#b88e7364d2d9c959559f388c66670d6130441fa0"
    integrity sha1-uI5zZNLZyVlVnziMZmcNYTBEH6A=
    dependencies:
      array-back "^1.0.4"
      test-value "^2.1.0"
  
  fs-extra@^7.0.0:
    version "7.0.1"
    resolved "https://registry.nlark.com/fs-extra/download/fs-extra-7.0.1.tgz#4f189c44aa123b895f722804f55ea23eadc348e9"
    integrity sha1-TxicRKoSO4lfcigE9V6iPq3DSOk=
    dependencies:
      graceful-fs "^4.1.2"
      jsonfile "^4.0.0"
      universalify "^0.1.0"
  
  fs.realpath@^1.0.0:
    version "1.0.0"
    resolved "https://registry.npm.taobao.org/fs.realpath/download/fs.realpath-1.0.0.tgz#1504ad2523158caa40db4a2787cb01411994ea4f"
    integrity sha1-FQStJSMVjKpA20onh8sBQRmU6k8=
  
  fsevents@~2.3.1:
    version "2.3.2"
    resolved "https://registry.nlark.com/fsevents/download/fsevents-2.3.2.tgz#8a526f78b8fdf4623b709e0b975c52c24c02fd1a"
    integrity sha1-ilJveLj99GI7cJ4Ll1xSwkwC/Ro=
  
  function-bind@^1.1.1:
    version "1.1.1"
    resolved "https://registry.npm.taobao.org/function-bind/download/function-bind-1.1.1.tgz#a56899d3ea3c9bab874bb9773b7c5ede92f4895d"
    integrity sha1-pWiZ0+o8m6uHS7l3O3xe3pL0iV0=
  
  gensync@^1.0.0-beta.2:
    version "1.0.0-beta.2"
    resolved "https://registry.nlark.com/gensync/download/gensync-1.0.0-beta.2.tgz#32a6ee76c3d7f52d46b2b1ae5d93fea8580a25e0"
    integrity sha1-MqbudsPX9S1GsrGuXZP+qFgKJeA=
  
  glob@^7.1.2:
    version "7.1.7"
    resolved "https://registry.nlark.com/glob/download/glob-7.1.7.tgz?cache=0&sync_timestamp=1620337382269&other_urls=https%3A%2F%2Fregistry.nlark.com%2Fglob%2Fdownload%2Fglob-7.1.7.tgz#3b193e9233f01d42d0b3f78294bbeeb418f94a90"
    integrity sha1-Oxk+kjPwHULQs/eClLvutBj5SpA=
    dependencies:
      fs.realpath "^1.0.0"
      inflight "^1.0.4"
      inherits "2"
      minimatch "^3.0.4"
      once "^1.3.0"
      path-is-absolute "^1.0.0"
  
  globals@^11.1.0:
    version "11.12.0"
    resolved "https://registry.nlark.com/globals/download/globals-11.12.0.tgz?cache=0&sync_timestamp=1622088114568&other_urls=https%3A%2F%2Fregistry.nlark.com%2Fglobals%2Fdownload%2Fglobals-11.12.0.tgz#ab8795338868a0babd8525758018c2a7eb95c42e"
    integrity sha1-q4eVM4hooLq9hSV1gBjCp+uVxC4=
  
  graceful-fs@^4.1.2, graceful-fs@^4.1.6:
    version "4.2.6"
    resolved "https://registry.nlark.com/graceful-fs/download/graceful-fs-4.2.6.tgz#ff040b2b0853b23c3d31027523706f1885d76bee"
    integrity sha1-/wQLKwhTsjw9MQJ1I3BvGIXXa+4=
  
  has-flag@^3.0.0:
    version "3.0.0"
    resolved "https://registry.nlark.com/has-flag/download/has-flag-3.0.0.tgz?cache=0&sync_timestamp=1618847009337&other_urls=https%3A%2F%2Fregistry.nlark.com%2Fhas-flag%2Fdownload%2Fhas-flag-3.0.0.tgz#b5d454dc2199ae225699f3467e5a07f3b955bafd"
    integrity sha1-tdRU3CGZriJWmfNGfloH87lVuv0=
  
  has-flag@^4.0.0:
    version "4.0.0"
    resolved "https://registry.nlark.com/has-flag/download/has-flag-4.0.0.tgz?cache=0&sync_timestamp=1618847009337&other_urls=https%3A%2F%2Fregistry.nlark.com%2Fhas-flag%2Fdownload%2Fhas-flag-4.0.0.tgz#944771fd9c81c81265c4d6941860da06bb59479b"
    integrity sha1-lEdx/ZyByBJlxNaUGGDaBrtZR5s=
  
  has@^1.0.3:
    version "1.0.3"
    resolved "https://registry.nlark.com/has/download/has-1.0.3.tgz?cache=0&sync_timestamp=1618847173393&other_urls=https%3A%2F%2Fregistry.nlark.com%2Fhas%2Fdownload%2Fhas-1.0.3.tgz#722d7cbfc1f6aa8241f16dd814e011e1f41e8796"
    integrity sha1-ci18v8H2qoJB8W3YFOAR4fQeh5Y=
    dependencies:
      function-bind "^1.1.1"
  
  hash.js@1.1.7, hash.js@^1.0.0, hash.js@^1.0.3:
    version "1.1.7"
    resolved "https://registry.npm.taobao.org/hash.js/download/hash.js-1.1.7.tgz#0babca538e8d4ee4a0f8988d68866537a003cf42"
    integrity sha1-C6vKU46NTuSg+JiNaIZlN6ADz0I=
    dependencies:
      inherits "^2.0.3"
      minimalistic-assert "^1.0.1"
  
  hmac-drbg@^1.0.1:
    version "1.0.1"
    resolved "https://registry.npm.taobao.org/hmac-drbg/download/hmac-drbg-1.0.1.tgz#d2745701025a6c775a6c545793ed502fc0c649a1"
    integrity sha1-0nRXAQJabHdabFRXk+1QL8DGSaE=
    dependencies:
      hash.js "^1.0.3"
      minimalistic-assert "^1.0.0"
      minimalistic-crypto-utils "^1.0.1"
  
  hoist-non-react-statics@^3.3.2:
    version "3.3.2"
    resolved "https://registry.nlark.com/hoist-non-react-statics/download/hoist-non-react-statics-3.3.2.tgz?cache=0&sync_timestamp=1618847127168&other_urls=https%3A%2F%2Fregistry.nlark.com%2Fhoist-non-react-statics%2Fdownload%2Fhoist-non-react-statics-3.3.2.tgz#ece0acaf71d62c2969c2ec59feff42a4b1a85b45"
    integrity sha1-7OCsr3HWLClpwuxZ/v9CpLGoW0U=
    dependencies:
      react-is "^16.7.0"
  
  hyphenate-style-name@^1.0.3:
    version "1.0.4"
    resolved "https://registry.npm.taobao.org/hyphenate-style-name/download/hyphenate-style-name-1.0.4.tgz#691879af8e220aea5750e8827db4ef62a54e361d"
    integrity sha1-aRh5r44iCupXUOiCfbTvYqVONh0=
  
  indefinite-observable@^2.0.1:
    version "2.0.1"
    resolved "https://registry.npm.taobao.org/indefinite-observable/download/indefinite-observable-2.0.1.tgz#574af29bfbc17eb5947793797bddc94c9d859400"
    integrity sha1-V0rym/vBfrWUd5N5e93JTJ2FlAA=
    dependencies:
      symbol-observable "1.2.0"
  
  inflight@^1.0.4:
    version "1.0.6"
    resolved "https://registry.nlark.com/inflight/download/inflight-1.0.6.tgz#49bd6331d7d02d0c09bc910a1075ba8165b56df9"
    integrity sha1-Sb1jMdfQLQwJvJEKEHW6gWW1bfk=
    dependencies:
      once "^1.3.0"
      wrappy "1"
  
  inherits@2, inherits@^2.0.3, inherits@^2.0.4:
    version "2.0.4"
    resolved "https://registry.npm.taobao.org/inherits/download/inherits-2.0.4.tgz#0fa2c64f932917c3433a0ded55363aae37416b7c"
    integrity sha1-D6LGT5MpF8NDOg3tVTY6rjdBa3w=
  
  internmap@^1.0.0:
    version "1.0.1"
    resolved "https://registry.nlark.com/internmap/download/internmap-1.0.1.tgz#0017cc8a3b99605f0302f2b198d272e015e5df95"
    integrity sha1-ABfMijuZYF8DAvKxmNJy4BXl35U=
  
  is-core-module@^2.2.0:
    version "2.4.0"
    resolved "https://registry.nlark.com/is-core-module/download/is-core-module-2.4.0.tgz#8e9fc8e15027b011418026e98f0e6f4d86305cc1"
    integrity sha1-jp/I4VAnsBFBgCbpjw5vTYYwXME=
    dependencies:
      has "^1.0.3"
  
  is-in-browser@^1.0.2, is-in-browser@^1.1.3:
    version "1.1.3"
    resolved "https://registry.npm.taobao.org/is-in-browser/download/is-in-browser-1.1.3.tgz#56ff4db683a078c6082eb95dad7dc62e1d04f835"
    integrity sha1-Vv9NtoOgeMYILrldrX3GLh0E+DU=
  
  jest-diff@^25.2.1:
    version "25.5.0"
    resolved "https://registry.nlark.com/jest-diff/download/jest-diff-25.5.0.tgz#1dd26ed64f96667c068cef026b677dfa01afcfa9"
    integrity sha1-HdJu1k+WZnwGjO8Ca2d9+gGvz6k=
    dependencies:
      chalk "^3.0.0"
      diff-sequences "^25.2.6"
      jest-get-type "^25.2.6"
      pretty-format "^25.5.0"
  
  jest-get-type@^25.2.6:
    version "25.2.6"
    resolved "https://registry.nlark.com/jest-get-type/download/jest-get-type-25.2.6.tgz?cache=0&sync_timestamp=1621937209389&other_urls=https%3A%2F%2Fregistry.nlark.com%2Fjest-get-type%2Fdownload%2Fjest-get-type-25.2.6.tgz#0b0a32fab8908b44d508be81681487dbabb8d877"
    integrity sha1-Cwoy+riQi0TVCL6BaBSH26u42Hc=
  
  js-sha3@0.5.7:
    version "0.5.7"
    resolved "https://registry.nlark.com/js-sha3/download/js-sha3-0.5.7.tgz#0d4ffd8002d5333aabaf4a23eed2f6374c9f28e7"
    integrity sha1-DU/9gALVMzqrr0oj7tL2N0yfKOc=
  
  js-sha3@^0.8.0:
    version "0.8.0"
    resolved "https://registry.nlark.com/js-sha3/download/js-sha3-0.8.0.tgz#b9b7a5da73afad7dedd0f8c463954cbde6818840"
    integrity sha1-ubel2nOvrX3t0PjEY5VMveaBiEA=
  
  "js-tokens@^3.0.0 || ^4.0.0", js-tokens@^4.0.0:
    version "4.0.0"
    resolved "https://registry.nlark.com/js-tokens/download/js-tokens-4.0.0.tgz#19203fb59991df98e3a287050d4647cdeaf32499"
    integrity sha1-GSA/tZmR35jjoocFDUZHzerzJJk=
  
  jsesc@^2.5.1:
    version "2.5.2"
    resolved "https://registry.npm.taobao.org/jsesc/download/jsesc-2.5.2.tgz#80564d2e483dacf6e8ef209650a67df3f0c283a4"
    integrity sha1-gFZNLkg9rPbo7yCWUKZ98/DCg6Q=
  
  json5@^2.1.2:
    version "2.2.0"
    resolved "https://registry.npm.taobao.org/json5/download/json5-2.2.0.tgz?cache=0&other_urls=https%3A%2F%2Fregistry.npm.taobao.org%2Fjson5%2Fdownload%2Fjson5-2.2.0.tgz#2dfefe720c6ba525d9ebd909950f0515316c89a3"
    integrity sha1-Lf7+cgxrpSXZ69kJlQ8FFTFsiaM=
    dependencies:
      minimist "^1.2.5"
  
  jsonfile@^4.0.0:
    version "4.0.0"
    resolved "https://registry.npm.taobao.org/jsonfile/download/jsonfile-4.0.0.tgz?cache=0&sync_timestamp=1604161917513&other_urls=https%3A%2F%2Fregistry.npm.taobao.org%2Fjsonfile%2Fdownload%2Fjsonfile-4.0.0.tgz#8771aae0799b64076b76640fca058f9c10e33ecb"
    integrity sha1-h3Gq4HmbZAdrdmQPygWPnBDjPss=
    optionalDependencies:
      graceful-fs "^4.1.6"
  
  jss-plugin-camel-case@^10.5.1:
    version "10.6.0"
    resolved "https://registry.npm.taobao.org/jss-plugin-camel-case/download/jss-plugin-camel-case-10.6.0.tgz#93d2cd704bf0c4af70cc40fb52d74b8a2554b170"
    integrity sha1-k9LNcEvwxK9wzED7UtdLiiVUsXA=
    dependencies:
      "@babel/runtime" "^7.3.1"
      hyphenate-style-name "^1.0.3"
      jss "10.6.0"
  
  jss-plugin-default-unit@^10.5.1:
    version "10.6.0"
    resolved "https://registry.npm.taobao.org/jss-plugin-default-unit/download/jss-plugin-default-unit-10.6.0.tgz#af47972486819b375f0f3a9e0213403a84b5ef3b"
    integrity sha1-r0eXJIaBmzdfDzqeAhNAOoS17zs=
    dependencies:
      "@babel/runtime" "^7.3.1"
      jss "10.6.0"
  
  jss-plugin-global@^10.5.1:
    version "10.6.0"
    resolved "https://registry.npm.taobao.org/jss-plugin-global/download/jss-plugin-global-10.6.0.tgz?cache=0&sync_timestamp=1615713101572&other_urls=https%3A%2F%2Fregistry.npm.taobao.org%2Fjss-plugin-global%2Fdownload%2Fjss-plugin-global-10.6.0.tgz#3e8011f760f399cbadcca7f10a485b729c50e3ed"
    integrity sha1-PoAR92DzmcutzKfxCkhbcpxQ4+0=
    dependencies:
      "@babel/runtime" "^7.3.1"
      jss "10.6.0"
  
  jss-plugin-nested@^10.5.1:
    version "10.6.0"
    resolved "https://registry.npm.taobao.org/jss-plugin-nested/download/jss-plugin-nested-10.6.0.tgz?cache=0&sync_timestamp=1615713101521&other_urls=https%3A%2F%2Fregistry.npm.taobao.org%2Fjss-plugin-nested%2Fdownload%2Fjss-plugin-nested-10.6.0.tgz#5f83c5c337d3b38004834e8426957715a0251641"
    integrity sha1-X4PFwzfTs4AEg06EJpV3FaAlFkE=
    dependencies:
      "@babel/runtime" "^7.3.1"
      jss "10.6.0"
      tiny-warning "^1.0.2"
  
  jss-plugin-props-sort@^10.5.1:
    version "10.6.0"
    resolved "https://registry.npm.taobao.org/jss-plugin-props-sort/download/jss-plugin-props-sort-10.6.0.tgz#297879f35f9fe21196448579fee37bcde28ce6bc"
    integrity sha1-KXh581+f4hGWRIV5/uN7zeKM5rw=
    dependencies:
      "@babel/runtime" "^7.3.1"
      jss "10.6.0"
  
  jss-plugin-rule-value-function@^10.5.1:
    version "10.6.0"
    resolved "https://registry.npm.taobao.org/jss-plugin-rule-value-function/download/jss-plugin-rule-value-function-10.6.0.tgz?cache=0&sync_timestamp=1615713101018&other_urls=https%3A%2F%2Fregistry.npm.taobao.org%2Fjss-plugin-rule-value-function%2Fdownload%2Fjss-plugin-rule-value-function-10.6.0.tgz#3c1a557236a139d0151e70a82c810ccce1c1c5ea"
    integrity sha1-PBpVcjahOdAVHnCoLIEMzOHBxeo=
    dependencies:
      "@babel/runtime" "^7.3.1"
      jss "10.6.0"
      tiny-warning "^1.0.2"
  
  jss-plugin-vendor-prefixer@^10.5.1:
    version "10.6.0"
    resolved "https://registry.npm.taobao.org/jss-plugin-vendor-prefixer/download/jss-plugin-vendor-prefixer-10.6.0.tgz#e1fcd499352846890c38085b11dbd7aa1c4f2c78"
    integrity sha1-4fzUmTUoRokMOAhbEdvXqhxPLHg=
    dependencies:
      "@babel/runtime" "^7.3.1"
      css-vendor "^2.0.8"
      jss "10.6.0"
  
  jss@10.6.0, jss@^10.5.1:
    version "10.6.0"
    resolved "https://registry.npm.taobao.org/jss/download/jss-10.6.0.tgz#d92ff9d0f214f65ca1718591b68e107be4774149"
    integrity sha1-2S/50PIU9lyhcYWRto4Qe+R3QUk=
    dependencies:
      "@babel/runtime" "^7.3.1"
      csstype "^3.0.2"
      indefinite-observable "^2.0.1"
      is-in-browser "^1.1.3"
      tiny-warning "^1.0.2"
  
  lodash@^4.17.15:
    version "4.17.21"
    resolved "https://registry.npm.taobao.org/lodash/download/lodash-4.17.21.tgz?cache=0&sync_timestamp=1618321064459&other_urls=https%3A%2F%2Fregistry.npm.taobao.org%2Flodash%2Fdownload%2Flodash-4.17.21.tgz#679591c564c3bffaae8454cf0b3df370c3d6911c"
    integrity sha1-Z5WRxWTDv/quhFTPCz3zcMPWkRw=
  
  loose-envify@^1.1.0, loose-envify@^1.4.0:
    version "1.4.0"
    resolved "https://registry.nlark.com/loose-envify/download/loose-envify-1.4.0.tgz#71ee51fa7be4caec1a63839f7e682d8132d30caf"
    integrity sha1-ce5R+nvkyuwaY4OffmgtgTLTDK8=
    dependencies:
      js-tokens "^3.0.0 || ^4.0.0"
  
  minimalistic-assert@^1.0.0, minimalistic-assert@^1.0.1:
    version "1.0.1"
    resolved "https://registry.npm.taobao.org/minimalistic-assert/download/minimalistic-assert-1.0.1.tgz#2e194de044626d4a10e7f7fbc00ce73e83e4d5c7"
    integrity sha1-LhlN4ERibUoQ5/f7wAznPoPk1cc=
  
  minimalistic-crypto-utils@^1.0.1:
    version "1.0.1"
    resolved "https://registry.nlark.com/minimalistic-crypto-utils/download/minimalistic-crypto-utils-1.0.1.tgz#f6c00c1c0b082246e5c4d99dfb8c7c083b2b582a"
    integrity sha1-9sAMHAsIIkblxNmd+4x8CDsrWCo=
  
  minimatch@^3.0.4:
    version "3.0.4"
    resolved "https://registry.npm.taobao.org/minimatch/download/minimatch-3.0.4.tgz#5166e286457f03306064be5497e8dbb0c3d32083"
    integrity sha1-UWbihkV/AzBgZL5Ul+jbsMPTIIM=
    dependencies:
      brace-expansion "^1.1.7"
  
  minimist@^1.2.5:
    version "1.2.5"
    resolved "https://registry.nlark.com/minimist/download/minimist-1.2.5.tgz?cache=0&sync_timestamp=1618847181284&other_urls=https%3A%2F%2Fregistry.nlark.com%2Fminimist%2Fdownload%2Fminimist-1.2.5.tgz#67d66014b66a6a8aaa0c083c5fd58df4e4e97602"
    integrity sha1-Z9ZgFLZqaoqqDAg8X9WN9OTpdgI=
  
  mkdirp@^0.5.1:
    version "0.5.5"
    resolved "https://registry.nlark.com/mkdirp/download/mkdirp-0.5.5.tgz#d91cefd62d1436ca0f41620e251288d420099def"
    integrity sha1-2Rzv1i0UNsoPQWIOJRKI1CAJne8=
    dependencies:
      minimist "^1.2.5"
  
  mkdirp@^1.0.4:
    version "1.0.4"
    resolved "https://registry.nlark.com/mkdirp/download/mkdirp-1.0.4.tgz#3eb5ed62622756d79a5f0e2a221dfebad75c2f7e"
    integrity sha1-PrXtYmInVteaXw4qIh3+utdcL34=
  
  mobx-react-lite@^3.2.0:
    version "3.2.0"
    resolved "https://registry.npm.taobao.org/mobx-react-lite/download/mobx-react-lite-3.2.0.tgz?cache=0&other_urls=https%3A%2F%2Fregistry.npm.taobao.org%2Fmobx-react-lite%2Fdownload%2Fmobx-react-lite-3.2.0.tgz#331d7365a6b053378dfe9c087315b4e41c5df69f"
    integrity sha1-Mx1zZaawUzeN/pwIcxW05Bxd9p8=
  
  mobx-react@^7.2.0:
    version "7.2.0"
    resolved "https://registry.nlark.com/mobx-react/download/mobx-react-7.2.0.tgz#241e925e963bb83a31d269f65f9f379e37ecbaeb"
    integrity sha1-JB6SXpY7uDox0mn2X583njfsuus=
    dependencies:
      mobx-react-lite "^3.2.0"
  
  mobx@^6.3.2:
    version "6.3.2"
    resolved "https://registry.nlark.com/mobx/download/mobx-6.3.2.tgz#125590961f702a572c139ab69392bea416d2e51b"
    integrity sha1-ElWQlh9wKlcsE5q2k5K+pBbS5Rs=
  
  ms@2.1.2:
    version "2.1.2"
    resolved "https://registry.npm.taobao.org/ms/download/ms-2.1.2.tgz?cache=0&sync_timestamp=1607433905701&other_urls=https%3A%2F%2Fregistry.npm.taobao.org%2Fms%2Fdownload%2Fms-2.1.2.tgz#d09d1f357b443f493382a8eb3ccd183872ae6009"
    integrity sha1-0J0fNXtEP0kzgqjrPM0YOHKuYAk=
  
  nanoid@^3.1.23:
    version "3.1.23"
    resolved "https://registry.nlark.com/nanoid/download/nanoid-3.1.23.tgz?cache=0&sync_timestamp=1620673983269&other_urls=https%3A%2F%2Fregistry.nlark.com%2Fnanoid%2Fdownload%2Fnanoid-3.1.23.tgz#f744086ce7c2bc47ee0a8472574d5c78e4183a81"
    integrity sha1-90QIbOfCvEfuCoRyV01ceOQYOoE=
  
  node-releases@^1.1.71:
    version "1.1.72"
    resolved "https://registry.nlark.com/node-releases/download/node-releases-1.1.72.tgz#14802ab6b1039a79a0c7d662b610a5bbd76eacbe"
    integrity sha1-FIAqtrEDmnmgx9ZithClu9durL4=
  
  object-assign@^4.1.1:
    version "4.1.1"
    resolved "https://registry.nlark.com/object-assign/download/object-assign-4.1.1.tgz?cache=0&sync_timestamp=1618847198142&other_urls=https%3A%2F%2Fregistry.nlark.com%2Fobject-assign%2Fdownload%2Fobject-assign-4.1.1.tgz#2109adc7965887cfc05cbbd442cac8bfbb360863"
    integrity sha1-IQmtx5ZYh8/AXLvUQsrIv7s2CGM=
  
  once@^1.3.0:
    version "1.4.0"
    resolved "https://registry.npm.taobao.org/once/download/once-1.4.0.tgz#583b1aa775961d4b113ac17d9c50baef9dd76bd1"
    integrity sha1-WDsap3WWHUsROsF9nFC6753Xa9E=
    dependencies:
      wrappy "1"
  
  path-is-absolute@^1.0.0:
    version "1.0.1"
    resolved "https://registry.nlark.com/path-is-absolute/download/path-is-absolute-1.0.1.tgz#174b9268735534ffbc7ace6bf53a5a9e1b5c5f5f"
    integrity sha1-F0uSaHNVNP+8es5r9TpanhtcX18=
  
  path-parse@^1.0.6:
    version "1.0.7"
    resolved "https://registry.nlark.com/path-parse/download/path-parse-1.0.7.tgz#fbc114b60ca42b30d9daf5858e4bd68bbedb6735"
    integrity sha1-+8EUtgykKzDZ2vWFjkvWi77bZzU=
  
  popper.js@1.16.1-lts:
    version "1.16.1-lts"
    resolved "https://registry.npm.taobao.org/popper.js/download/popper.js-1.16.1-lts.tgz#cf6847b807da3799d80ee3d6d2f90df8a3f50b05"
    integrity sha1-z2hHuAfaN5nYDuPW0vkN+KP1CwU=
  
  postcss@^8.2.10:
    version "8.3.0"
    resolved "https://registry.nlark.com/postcss/download/postcss-8.3.0.tgz#b1a713f6172ca427e3f05ef1303de8b65683325f"
    integrity sha1-sacT9hcspCfj8F7xMD3otlaDMl8=
    dependencies:
      colorette "^1.2.2"
      nanoid "^3.1.23"
      source-map-js "^0.6.2"
  
  prettier@^2.1.2:
    version "2.3.1"
    resolved "https://registry.nlark.com/prettier/download/prettier-2.3.1.tgz?cache=0&sync_timestamp=1622888668729&other_urls=https%3A%2F%2Fregistry.nlark.com%2Fprettier%2Fdownload%2Fprettier-2.3.1.tgz#76903c3f8c4449bc9ac597acefa24dc5ad4cbea6"
    integrity sha1-dpA8P4xESbyaxZes76JNxa1MvqY=
  
  pretty-format@^25.2.1, pretty-format@^25.5.0:
    version "25.5.0"
    resolved "https://registry.nlark.com/pretty-format/download/pretty-format-25.5.0.tgz?cache=0&sync_timestamp=1622290311384&other_urls=https%3A%2F%2Fregistry.nlark.com%2Fpretty-format%2Fdownload%2Fpretty-format-25.5.0.tgz#7873c1d774f682c34b8d48b6743a2bf2ac55791a"
    integrity sha1-eHPB13T2gsNLjUi2dDor8qxVeRo=
    dependencies:
      "@jest/types" "^25.5.0"
      ansi-regex "^5.0.0"
      ansi-styles "^4.0.0"
      react-is "^16.12.0"
  
  prop-types@^15.6.2, prop-types@^15.7.2:
    version "15.7.2"
    resolved "https://registry.npm.taobao.org/prop-types/download/prop-types-15.7.2.tgz#52c41e75b8c87e72b9d9360e0206b99dcbffa6c5"
    integrity sha1-UsQedbjIfnK52TYOAga5ncv/psU=
    dependencies:
      loose-envify "^1.4.0"
      object-assign "^4.1.1"
      react-is "^16.8.1"
  
  react-dom@^17.0.0:
    version "17.0.2"
    resolved "https://registry.nlark.com/react-dom/download/react-dom-17.0.2.tgz?cache=0&sync_timestamp=1622835853186&other_urls=https%3A%2F%2Fregistry.nlark.com%2Freact-dom%2Fdownload%2Freact-dom-17.0.2.tgz#ecffb6845e3ad8dbfcdc498f0d0a939736502c23"
    integrity sha1-7P+2hF462Nv83EmPDQqTlzZQLCM=
    dependencies:
      loose-envify "^1.1.0"
      object-assign "^4.1.1"
      scheduler "^0.20.2"
  
  react-is@^16.12.0, react-is@^16.7.0, react-is@^16.8.1:
    version "16.13.1"
    resolved "https://registry.nlark.com/react-is/download/react-is-16.13.1.tgz?cache=0&sync_timestamp=1622835257576&other_urls=https%3A%2F%2Fregistry.nlark.com%2Freact-is%2Fdownload%2Freact-is-16.13.1.tgz#789729a4dc36de2999dc156dd6c1d9c18cea56a4"
    integrity sha1-eJcppNw23imZ3BVt1sHZwYzqVqQ=
  
  "react-is@^16.8.0 || ^17.0.0":
    version "17.0.2"
    resolved "https://registry.nlark.com/react-is/download/react-is-17.0.2.tgz?cache=0&sync_timestamp=1622835257576&other_urls=https%3A%2F%2Fregistry.nlark.com%2Freact-is%2Fdownload%2Freact-is-17.0.2.tgz#e691d4a8e9c789365655539ab372762b0efb54f0"
    integrity sha1-5pHUqOnHiTZWVVOas3J2Kw77VPA=
  
  react-refresh@^0.9.0:
    version "0.9.0"
    resolved "https://registry.nlark.com/react-refresh/download/react-refresh-0.9.0.tgz?cache=0&sync_timestamp=1622837399327&other_urls=https%3A%2F%2Fregistry.nlark.com%2Freact-refresh%2Fdownload%2Freact-refresh-0.9.0.tgz#71863337adc3e5c2f8a6bfddd12ae3bfe32aafbf"
    integrity sha1-cYYzN63D5cL4pr/d0Srjv+Mqr78=
  
  react-transition-group@^4.4.0:
    version "4.4.2"
    resolved "https://registry.nlark.com/react-transition-group/download/react-transition-group-4.4.2.tgz?cache=0&sync_timestamp=1622300448210&other_urls=https%3A%2F%2Fregistry.nlark.com%2Freact-transition-group%2Fdownload%2Freact-transition-group-4.4.2.tgz#8b59a56f09ced7b55cbd53c36768b922890d5470"
    integrity sha1-i1mlbwnO17VcvVPDZ2i5IokNVHA=
    dependencies:
      "@babel/runtime" "^7.5.5"
      dom-helpers "^5.0.1"
      loose-envify "^1.4.0"
      prop-types "^15.6.2"
  
  react@^17.0.0:
    version "17.0.2"
    resolved "https://registry.nlark.com/react/download/react-17.0.2.tgz#d0b5cc516d29eb3eee383f75b62864cfb6800037"
    integrity sha1-0LXMUW0p6z7uOD91tihkz7aAADc=
    dependencies:
      loose-envify "^1.1.0"
      object-assign "^4.1.1"
  
  regenerator-runtime@^0.13.4:
    version "0.13.7"
    resolved "https://registry.nlark.com/regenerator-runtime/download/regenerator-runtime-0.13.7.tgz#cac2dacc8a1ea675feaabaeb8ae833898ae46f55"
    integrity sha1-ysLazIoepnX+qrrriugziYrkb1U=
  
  resolve@^1.19.0, resolve@^1.8.1:
    version "1.20.0"
    resolved "https://registry.nlark.com/resolve/download/resolve-1.20.0.tgz?cache=0&sync_timestamp=1618846903792&other_urls=https%3A%2F%2Fregistry.nlark.com%2Fresolve%2Fdownload%2Fresolve-1.20.0.tgz#629a013fb3f70755d6f0b7935cc1c2c5378b1975"
    integrity sha1-YpoBP7P3B1XW8LeTXMHCxTeLGXU=
    dependencies:
      is-core-module "^2.2.0"
      path-parse "^1.0.6"
  
  rollup@^2.38.5:
    version "2.50.6"
    resolved "https://registry.nlark.com/rollup/download/rollup-2.50.6.tgz#24e2211caf9031081656e98a5e5e94d3b5e786e2"
    integrity sha1-JOIhHK+QMQgWVumKXl6U07XnhuI=
    optionalDependencies:
      fsevents "~2.3.1"
  
  safe-buffer@~5.1.1:
    version "5.1.2"
    resolved "https://registry.npm.taobao.org/safe-buffer/download/safe-buffer-5.1.2.tgz#991ec69d296e0313747d59bdfd2b745c35f8828d"
    integrity sha1-mR7GnSluAxN0fVm9/St0XDX4go0=
  
  scheduler@^0.20.2:
    version "0.20.2"
    resolved "https://registry.nlark.com/scheduler/download/scheduler-0.20.2.tgz?cache=0&sync_timestamp=1622835854797&other_urls=https%3A%2F%2Fregistry.nlark.com%2Fscheduler%2Fdownload%2Fscheduler-0.20.2.tgz#4baee39436e34aa93b4874bddcbf0fe8b8b50e91"
    integrity sha1-S67jlDbjSqk7SHS93L8P6Li1DpE=
    dependencies:
      loose-envify "^1.1.0"
      object-assign "^4.1.1"
  
  scrypt-js@3.0.1:
    version "3.0.1"
    resolved "https://registry.npm.taobao.org/scrypt-js/download/scrypt-js-3.0.1.tgz#d314a57c2aef69d1ad98a138a21fe9eafa9ee312"
    integrity sha1-0xSlfCrvadGtmKE4oh/p6vqe4xI=
  
  semver@^6.3.0:
    version "6.3.0"
    resolved "https://registry.npm.taobao.org/semver/download/semver-6.3.0.tgz?cache=0&sync_timestamp=1616463603361&other_urls=https%3A%2F%2Fregistry.npm.taobao.org%2Fsemver%2Fdownload%2Fsemver-6.3.0.tgz#ee0a64c8af5e8ceea67687b133761e1becbd1d3d"
    integrity sha1-7gpkyK9ejO6mdoexM3YeG+y9HT0=
  
  source-map-js@^0.6.2:
    version "0.6.2"
    resolved "https://registry.npm.taobao.org/source-map-js/download/source-map-js-0.6.2.tgz#0bb5de631b41cfbda6cfba8bd05a80efdfd2385e"
    integrity sha1-C7XeYxtBz72mz7qL0FqA79/SOF4=
  
  source-map@^0.5.0:
    version "0.5.7"
    resolved "https://registry.npm.taobao.org/source-map/download/source-map-0.5.7.tgz#8a039d2d1021d22d1ea14c80d8ea468ba2ef3fcc"
    integrity sha1-igOdLRAh0i0eoUyA2OpGi6LvP8w=
  
  supports-color@^5.3.0:
    version "5.5.0"
    resolved "https://registry.nlark.com/supports-color/download/supports-color-5.5.0.tgz?cache=0&sync_timestamp=1622293579301&other_urls=https%3A%2F%2Fregistry.nlark.com%2Fsupports-color%2Fdownload%2Fsupports-color-5.5.0.tgz#e2e69a44ac8772f78a1ec0b35b689df6530efc8f"
    integrity sha1-4uaaRKyHcveKHsCzW2id9lMO/I8=
    dependencies:
      has-flag "^3.0.0"
  
  supports-color@^7.1.0:
    version "7.2.0"
    resolved "https://registry.nlark.com/supports-color/download/supports-color-7.2.0.tgz?cache=0&sync_timestamp=1622293579301&other_urls=https%3A%2F%2Fregistry.nlark.com%2Fsupports-color%2Fdownload%2Fsupports-color-7.2.0.tgz#1b7dcdcb32b8138801b3e478ba6a51caa89648da"
    integrity sha1-G33NyzK4E4gBs+R4umpRyqiWSNo=
    dependencies:
      has-flag "^4.0.0"
  
  symbol-observable@1.2.0:
    version "1.2.0"
    resolved "https://registry.nlark.com/symbol-observable/download/symbol-observable-1.2.0.tgz#c22688aed4eab3cdc2dfeacbb561660560a00804"
    integrity sha1-wiaIrtTqs83C3+rLtWFmBWCgCAQ=
  
  test-value@^2.1.0:
    version "2.1.0"
    resolved "https://registry.npm.taobao.org/test-value/download/test-value-2.1.0.tgz#11da6ff670f3471a73b625ca4f3fdcf7bb748291"
    integrity sha1-Edpv9nDzRxpztiXKTz/c97t0gpE=
    dependencies:
      array-back "^1.0.3"
      typical "^2.6.0"
  
  tiny-invariant@^1.0.6:
    version "1.1.0"
    resolved "https://registry.npm.taobao.org/tiny-invariant/download/tiny-invariant-1.1.0.tgz#634c5f8efdc27714b7f386c35e6760991d230875"
    integrity sha1-Y0xfjv3CdxS384bDXmdgmR0jCHU=
  
  tiny-warning@^1.0.2, tiny-warning@^1.0.3:
    version "1.0.3"
    resolved "https://registry.npm.taobao.org/tiny-warning/download/tiny-warning-1.0.3.tgz#94a30db453df4c643d0fd566060d60a875d84754"
    integrity sha1-lKMNtFPfTGQ9D9VmBg1gqHXYR1Q=
  
  to-fast-properties@^2.0.0:
    version "2.0.0"
    resolved "https://registry.nlark.com/to-fast-properties/download/to-fast-properties-2.0.0.tgz#dc5e698cbd079265bc73e0377681a4e4e83f616e"
    integrity sha1-3F5pjL0HkmW8c+A3doGk5Og/YW4=
  
  ts-essentials@^1.0.0:
    version "1.0.4"
    resolved "https://registry.npm.taobao.org/ts-essentials/download/ts-essentials-1.0.4.tgz#ce3b5dade5f5d97cf69889c11bf7d2da8555b15a"
    integrity sha1-zjtdreX12Xz2mInBG/fS2oVVsVo=
  
  ts-essentials@^7.0.1:
    version "7.0.1"
    resolved "https://registry.npm.taobao.org/ts-essentials/download/ts-essentials-7.0.1.tgz#d205508cae0cdadfb73c89503140cf2228389e2d"
    integrity sha1-0gVQjK4M2t+3PIlQMUDPIig4ni0=
  
  ts-generator@^0.1.1:
    version "0.1.1"
    resolved "https://registry.npm.taobao.org/ts-generator/download/ts-generator-0.1.1.tgz#af46f2fb88a6db1f9785977e9590e7bcd79220ab"
    integrity sha1-r0by+4im2x+XhZd+lZDnvNeSIKs=
    dependencies:
      "@types/mkdirp" "^0.5.2"
      "@types/prettier" "^2.1.1"
      "@types/resolve" "^0.0.8"
      chalk "^2.4.1"
      glob "^7.1.2"
      mkdirp "^0.5.1"
      prettier "^2.1.2"
      resolve "^1.8.1"
      ts-essentials "^1.0.0"
  
  typechain@^4.0.3:
    version "4.0.3"
    resolved "https://registry.nlark.com/typechain/download/typechain-4.0.3.tgz#e8fcd6c984676858c64eeeb155ea783a10b73779"
    integrity sha1-6PzWyYRnaFjGTu6xVep4OhC3N3k=
    dependencies:
      command-line-args "^4.0.7"
      debug "^4.1.1"
      fs-extra "^7.0.0"
      js-sha3 "^0.8.0"
      lodash "^4.17.15"
      ts-essentials "^7.0.1"
      ts-generator "^0.1.1"
  
  typescript@^4.1.2:
    version "4.3.2"
    resolved "https://registry.nlark.com/typescript/download/typescript-4.3.2.tgz#399ab18aac45802d6f2498de5054fcbbe716a805"
    integrity sha1-OZqxiqxFgC1vJJjeUFT8u+cWqAU=
  
  typical@^2.6.0, typical@^2.6.1:
    version "2.6.1"
    resolved "https://registry.npm.taobao.org/typical/download/typical-2.6.1.tgz#5c080e5d661cbbe38259d2e70a3c7253e873881d"
    integrity sha1-XAgOXWYcu+OCWdLnCjxyU+hziB0=
  
  universalify@^0.1.0:
    version "0.1.2"
    resolved "https://registry.nlark.com/universalify/download/universalify-0.1.2.tgz#b646f69be3942dabcecc9d6639c80dc105efaa66"
    integrity sha1-tkb2m+OULavOzJ1mOcgNwQXvqmY=
  
  vite@^2.3.5:
    version "2.3.6"
    resolved "https://registry.nlark.com/vite/download/vite-2.3.6.tgz?cache=0&sync_timestamp=1622612524178&other_urls=https%3A%2F%2Fregistry.nlark.com%2Fvite%2Fdownload%2Fvite-2.3.6.tgz#1f7cfde88a51a802d69000c7bac85d481c2e871c"
    integrity sha1-H3z96IpRqALWkADHushdSBwuhxw=
    dependencies:
      esbuild "^0.12.5"
      postcss "^8.2.10"
      resolve "^1.19.0"
      rollup "^2.38.5"
    optionalDependencies:
      fsevents "~2.3.1"
  
  wrappy@1:
    version "1.0.2"
    resolved "https://registry.nlark.com/wrappy/download/wrappy-1.0.2.tgz?cache=0&sync_timestamp=1619133505879&other_urls=https%3A%2F%2Fregistry.nlark.com%2Fwrappy%2Fdownload%2Fwrappy-1.0.2.tgz#b5243d8f3ec1aa35f1364605bc0d1036e30ab69f"
    integrity sha1-tSQ9jz7BqjXxNkYFvA0QNuMKtp8=
  
  ws@7.4.6:
    version "7.4.6"
    resolved "https://registry.nlark.com/ws/download/ws-7.4.6.tgz#5654ca8ecdeee47c33a9a4bf6d28e2be2980377c"
    integrity sha1-VlTKjs3u5HwzqaS/bSjivimAN3w=
